15 июл. 2026 09:37:31,990 ERROR StartLogger - Exception while starting logics instance: [error]:
	Main:85:5 property or action 'nameSchool[]' is not found
Subsequent errors (if any) could not be found.
15 июл. 2026 09:40:06,387 ERROR SystemLogger - Failed to initialize tess4j. Add tess4j jar to classpath.
15 июл. 2026 09:43:06,296 ERROR SystemLogger - Failed to initialize tess4j. Add tess4j jar to classpath.
15 июл. 2026 09:46:14,158 ERROR SystemLogger - Failed to initialize tess4j. Add tess4j jar to classpath.
15 июл. 2026 10:15:26,924 ERROR SystemLogger - Failed to initialize tess4j. Add tess4j jar to classpath.
15 июл. 2026 10:20:15,870 ERROR SystemLogger - Failed to initialize tess4j. Add tess4j jar to classpath.
15 июл. 2026 11:13:44,637 ERROR SystemLogger - Failed to initialize tess4j. Add tess4j jar to classpath.
15 июл. 2026 11:22:17,120 ERROR SystemLogger - Failed to initialize tess4j. Add tess4j jar to classpath.
15 июл. 2026 11:24:26,977 ERROR SystemLogger - Failed to initialize tess4j. Add tess4j jar to classpath.
15 июл. 2026 12:05:41,675 ERROR SystemLogger - Failed to initialize tess4j. Add tess4j jar to classpath.
15 июл. 2026 12:10:40,506 ERROR SystemLogger - Failed to initialize tess4j. Add tess4j jar to classpath.
15 июл. 2026 12:13:34,761 ERROR SystemLogger - Failed to initialize tess4j. Add tess4j jar to classpath.
15 июл. 2026 12:19:00,117 ERROR SystemLogger - Failed to initialize tess4j. Add tess4j jar to classpath.
15 июл. 2026 12:20:47,304 ERROR SystemLogger - Failed to initialize tess4j. Add tess4j jar to classpath.
15 июл. 2026 12:56:27,613 ERROR StartLogger - Exception while starting logics instance: 
java.lang.RuntimeException: [error]:	there is a circular dependency between required modules: Student <- School <- Student
	at lsfusion.server.physics.dev.module.ModuleList.checkCycles(ModuleList.java:147)
	at lsfusion.server.physics.dev.module.ModuleList.buildModuleGraphWithOrderDependencies(ModuleList.java:44)
	at lsfusion.server.physics.dev.module.ModuleList.orderModules(ModuleList.java:37)
	at lsfusion.server.logics.BusinessLogics.initModuleOrders(BusinessLogics.java:458)
	at lsfusion.server.physics.dev.module.controller.init.InitModuleOrderTask.run(InitModuleOrderTask.java:13)
	at lsfusion.server.base.task.Task.lambda$1(Task.java:151)
	at lsfusion.server.base.controller.thread.ExecutorFactory.lambda$0(ExecutorFactory.java:183)
	at lsfusion.base.BaseUtils.executeWithTimeout(BaseUtils.java:2323)
	at lsfusion.server.base.controller.thread.ExecutorFactory.executeWithTimeout(ExecutorFactory.java:180)
	at lsfusion.server.base.task.Task.proceed(Task.java:150)
	at lsfusion.server.base.task.Task$1.aspectRun(Task.java:107)
	at lsfusion.server.base.controller.thread.ExecutorFactory$AspectRunnable.run(ExecutorFactory.java:510)
	at java.base/java.util.concurrent.ThreadPoolExecutor.runWorker(ThreadPoolExecutor.java:1090)
	at java.base/java.util.concurrent.ThreadPoolExecutor$Worker.run(ThreadPoolExecutor.java:614)
	at java.base/java.lang.Thread.run(Thread.java:1474)
	at lsfusion.server.base.controller.thread.ExecutorFactory$ClosableDaemonThreadFactory$ClosableThread.run(ExecutorFactory.java:627)
15 июл. 2026 12:56:53,827 ERROR StartLogger - Exception while starting logics instance: 
java.lang.RuntimeException: [error]:	there is a circular dependency between required modules: Student <- School <- Student
	at lsfusion.server.physics.dev.module.ModuleList.checkCycles(ModuleList.java:147)
	at lsfusion.server.physics.dev.module.ModuleList.buildModuleGraphWithOrderDependencies(ModuleList.java:44)
	at lsfusion.server.physics.dev.module.ModuleList.orderModules(ModuleList.java:37)
	at lsfusion.server.logics.BusinessLogics.initModuleOrders(BusinessLogics.java:458)
	at lsfusion.server.physics.dev.module.controller.init.InitModuleOrderTask.run(InitModuleOrderTask.java:13)
	at lsfusion.server.base.task.Task.lambda$1(Task.java:151)
	at lsfusion.server.base.controller.thread.ExecutorFactory.lambda$0(ExecutorFactory.java:183)
	at lsfusion.base.BaseUtils.executeWithTimeout(BaseUtils.java:2323)
	at lsfusion.server.base.controller.thread.ExecutorFactory.executeWithTimeout(ExecutorFactory.java:180)
	at lsfusion.server.base.task.Task.proceed(Task.java:150)
	at lsfusion.server.base.task.Task$1.aspectRun(Task.java:107)
	at lsfusion.server.base.controller.thread.ExecutorFactory$AspectRunnable.run(ExecutorFactory.java:510)
	at java.base/java.util.concurrent.ThreadPoolExecutor.runWorker(ThreadPoolExecutor.java:1090)
	at java.base/java.util.concurrent.ThreadPoolExecutor$Worker.run(ThreadPoolExecutor.java:614)
	at java.base/java.lang.Thread.run(Thread.java:1474)
	at lsfusion.server.base.controller.thread.ExecutorFactory$ClosableDaemonThreadFactory$ClosableThread.run(ExecutorFactory.java:627)
15 июл. 2026 12:58:06,988 ERROR StartLogger - Exception while starting logics instance: 
java.lang.RuntimeException: [error]:	there is a circular dependency between required modules: Student <- School <- Student
	at lsfusion.server.physics.dev.module.ModuleList.checkCycles(ModuleList.java:147)
	at lsfusion.server.physics.dev.module.ModuleList.buildModuleGraphWithOrderDependencies(ModuleList.java:44)
	at lsfusion.server.physics.dev.module.ModuleList.orderModules(ModuleList.java:37)
	at lsfusion.server.logics.BusinessLogics.initModuleOrders(BusinessLogics.java:458)
	at lsfusion.server.physics.dev.module.controller.init.InitModuleOrderTask.run(InitModuleOrderTask.java:13)
	at lsfusion.server.base.task.Task.lambda$1(Task.java:151)
	at lsfusion.server.base.controller.thread.ExecutorFactory.lambda$0(ExecutorFactory.java:183)
	at lsfusion.base.BaseUtils.executeWithTimeout(BaseUtils.java:2323)
	at lsfusion.server.base.controller.thread.ExecutorFactory.executeWithTimeout(ExecutorFactory.java:180)
	at lsfusion.server.base.task.Task.proceed(Task.java:150)
	at lsfusion.server.base.task.Task$1.aspectRun(Task.java:107)
	at lsfusion.server.base.controller.thread.ExecutorFactory$AspectRunnable.run(ExecutorFactory.java:510)
	at java.base/java.util.concurrent.ThreadPoolExecutor.runWorker(ThreadPoolExecutor.java:1090)
	at java.base/java.util.concurrent.ThreadPoolExecutor$Worker.run(ThreadPoolExecutor.java:614)
	at java.base/java.lang.Thread.run(Thread.java:1474)
	at lsfusion.server.base.controller.thread.ExecutorFactory$ClosableDaemonThreadFactory$ClosableThread.run(ExecutorFactory.java:627)
15 июл. 2026 13:11:02,144 ERROR StartLogger - Exception while starting logics instance: 
java.lang.RuntimeException: [error]:	there is a circular dependency between required modules: Predmet <- Attestat <- Predmet
	at lsfusion.server.physics.dev.module.ModuleList.checkCycles(ModuleList.java:147)
	at lsfusion.server.physics.dev.module.ModuleList.buildModuleGraphWithOrderDependencies(ModuleList.java:44)
	at lsfusion.server.physics.dev.module.ModuleList.orderModules(ModuleList.java:37)
	at lsfusion.server.logics.BusinessLogics.initModuleOrders(BusinessLogics.java:458)
	at lsfusion.server.physics.dev.module.controller.init.InitModuleOrderTask.run(InitModuleOrderTask.java:13)
	at lsfusion.server.base.task.Task.lambda$1(Task.java:151)
	at lsfusion.server.base.controller.thread.ExecutorFactory.lambda$0(ExecutorFactory.java:183)
	at lsfusion.base.BaseUtils.executeWithTimeout(BaseUtils.java:2323)
	at lsfusion.server.base.controller.thread.ExecutorFactory.executeWithTimeout(ExecutorFactory.java:180)
	at lsfusion.server.base.task.Task.proceed(Task.java:150)
	at lsfusion.server.base.task.Task$1.aspectRun(Task.java:107)
	at lsfusion.server.base.controller.thread.ExecutorFactory$AspectRunnable.run(ExecutorFactory.java:510)
	at java.base/java.util.concurrent.ThreadPoolExecutor.runWorker(ThreadPoolExecutor.java:1090)
	at java.base/java.util.concurrent.ThreadPoolExecutor$Worker.run(ThreadPoolExecutor.java:614)
	at java.base/java.lang.Thread.run(Thread.java:1474)
	at lsfusion.server.base.controller.thread.ExecutorFactory$ClosableDaemonThreadFactory$ClosableThread.run(ExecutorFactory.java:627)
15 июл. 2026 18:08:59,193 ERROR StartLogger - Ошибка при попытке подсоединения. (host: localhost:5432, user: postgres)
