16 июл. 2026 07:34:03,036  INFO StartLogger - Server is starting...
16 июл. 2026 07:34:03,334  INFO StartLogger - Current version: 6.2 (373)
16 июл. 2026 07:34:03,338  INFO StartLogger - Java version: 21.0.8
16 июл. 2026 07:34:03,338  INFO StartLogger - Class path: C:\Users\alexj\IdeaProjects\Test\out\production\Test;C:\Users\alexj\IdeaProjects\lsfusion-6.jar
16 июл. 2026 07:34:03,365  INFO StartLogger - JVM arguments: [-Xmx1200m, -ea, -Dlsfusion.server.lightstart=true, -Dlsfusion.server.devmode=true, -Dlsfusion.server.plugin.enabled=true, -javaagent:C:\Program Files\JetBrains\IDEA 2026.1\lib\idea_rt.jar=63158, -Dfile.encoding=UTF-8, -Dsun.stdout.encoding=UTF-8, -Dsun.stderr.encoding=UTF-8]
16 июл. 2026 07:34:05,731  INFO StartLogger - Logics instance is starting...
16 июл. 2026 07:34:05,822  INFO StartLogger - Initializing BusinessLogics
16 июл. 2026 07:34:05,889  INFO StartLogger - Creating modules
16 июл. 2026 07:34:05,892  INFO StartLogger - Initializing string literals data
16 июл. 2026 07:34:05,900  INFO StartLogger - Initializing localizer
16 июл. 2026 07:34:07,200  INFO StartLogger - Initializing dependencies
16 июл. 2026 07:34:07,815  INFO StartLogger - Initializing modules order
16 июл. 2026 07:34:07,818  INFO StartLogger - Initializing metacodes and classes
16 июл. 2026 07:34:08,995  INFO StartLogger - Initializing object class
16 июл. 2026 07:34:09,000  INFO StartLogger - Initializing tables
16 июл. 2026 07:34:09,101  INFO StartLogger - Initializing class tables
16 июл. 2026 07:34:09,326  INFO StartLogger - Initializing full tables with one key
16 июл. 2026 07:34:09,327  INFO StartLogger - Initializing main logic
16 июл. 2026 07:34:09,352  INFO StartLogger - Initializing main logic for module : #1 of 15 System (actual: 1)
16 июл. 2026 07:34:10,872  INFO StartLogger - Initializing main logic for module : #2 of 15 Time (actual: 2)
16 июл. 2026 07:34:10,873  INFO StartLogger - Initializing main logic for module : #3 of 15 School (actual: 11)
16 июл. 2026 07:34:10,988  INFO StartLogger - Initializing main logic for module : #4 of 15 Student (actual: 12)
16 июл. 2026 07:34:12,161  INFO StartLogger - Initializing main logic for module : #5 of 15 Utils (actual: 3)
16 июл. 2026 07:34:12,457  INFO StartLogger - Initializing main logic for module : #6 of 15 Authentication (actual: 4)
16 июл. 2026 07:34:12,458  INFO StartLogger - Initializing main logic for module : #7 of 15 Attestat (actual: 13)
16 июл. 2026 07:34:12,513  INFO StartLogger - Initializing main logic for module : #8 of 15 Predmet (actual: 14)
16 июл. 2026 07:34:12,545  INFO StartLogger - Initializing main logic for module : #9 of 15 Main (actual: 15)
16 июл. 2026 07:34:13,138  INFO StartLogger - Initializing main logic for module : #10 of 15 Reflection (actual: 5)
16 июл. 2026 07:34:13,524  INFO StartLogger - Initializing main logic for module : #11 of 15 SystemEvents (actual: 6)
16 июл. 2026 07:34:13,988  INFO StartLogger - Initializing main logic for module : #12 of 15 Email (actual: 7)
16 июл. 2026 07:34:14,144  INFO StartLogger - Initializing main logic for module : #13 of 15 Security (actual: 8)
16 июл. 2026 07:34:14,492  INFO StartLogger - Initializing main logic for module : #14 of 15 Service (actual: 9)
16 июл. 2026 07:34:14,966  INFO StartLogger - Initializing main logic for module : #15 of 15 Scheduler (actual: 10)
16 июл. 2026 07:34:15,087  INFO StartLogger - Finalizing groups
16 июл. 2026 07:34:15,087  INFO StartLogger - Finalizing classes
16 июл. 2026 07:34:15,091  INFO StartLogger - Checking for duplicate elements
16 июл. 2026 07:34:15,127  INFO StartLogger - Initializing class dialog forms
16 июл. 2026 07:34:15,127  INFO StartLogger - Filling implicit cases
16 июл. 2026 07:34:15,128  INFO StartLogger - Finalizing abstract actions
16 июл. 2026 07:34:15,131  INFO StartLogger - Initializing abstract properties
16 июл. 2026 07:34:15,334  INFO StartLogger - Looking for recursions in abstract actions
16 июл. 2026 07:34:15,350  INFO StartLogger - Initializing class aggr props
16 июл. 2026 07:34:15,356  INFO StartLogger - Checking abstract
16 июл. 2026 07:34:15,374  INFO StartLogger - Setting up property policy
16 июл. 2026 07:34:15,375  INFO StartLogger - Finalizing navigator elements
16 июл. 2026 07:34:15,375  INFO StartLogger - Initializing fields for data and materialized properties
16 июл. 2026 07:34:15,391  INFO StartLogger - Setting up drill-down
16 июл. 2026 07:34:15,933  INFO StartLogger - Initializing indices
16 июл. 2026 07:34:15,937  INFO StartLogger - Finalizing tables
16 июл. 2026 07:34:15,940  INFO StartLogger - Initializing reflection events
16 июл. 2026 07:34:15,956  INFO StartLogger - Setting up action policy
16 июл. 2026 07:34:19,124  INFO StartLogger - Setting user logging for properties
16 июл. 2026 07:34:19,157  INFO StartLogger - Setting user materialized for properties
16 июл. 2026 07:34:19,163  INFO StartLogger - Setting user not null constraints for properties
16 июл. 2026 07:34:19,174  INFO StartLogger - Disabling input list
16 июл. 2026 07:34:19,184  INFO StartLogger - Setting user select for properties
16 июл. 2026 07:34:19,200  INFO StartLogger - Setting up loggables
16 июл. 2026 07:34:19,200  INFO StartLogger - Initializing class data indexes
16 июл. 2026 07:34:19,200  INFO StartLogger - Finalizing forms
16 июл. 2026 07:34:19,220  INFO StartLogger - Finalizing properties
16 июл. 2026 07:34:19,270  INFO StartLogger - Synchronizing DB
16 июл. 2026 07:34:19,378  INFO StartLogger - Checking indexes
16 июл. 2026 07:34:19,421  INFO StartLogger - Applying migration script (0.0 -> 0.0)
16 июл. 2026 07:34:19,560  INFO StartLogger - Creating tables
16 июл. 2026 07:34:19,568  INFO StartLogger - Updating stats
16 июл. 2026 07:34:19,655  INFO StartLogger - Adding indexes
16 июл. 2026 07:34:19,656  INFO StartLogger - Packing tables
16 июл. 2026 07:34:19,656  INFO StartLogger - Filling static objects ids
16 июл. 2026 07:34:20,028  INFO StartLogger - Prereading form property events
16 июл. 2026 07:34:20,561  INFO StartLogger - Initializing lazy properties
16 июл. 2026 07:34:20,585  INFO StartLogger - Reading global events / materialized properties links
16 июл. 2026 07:34:20,585  INFO StartLogger - Looking for recursions in abstract properties
16 июл. 2026 07:34:21,890  INFO StartLogger - Building global events / materialized properties list
16 июл. 2026 07:34:21,937  INFO StartLogger - Reading local events links
16 июл. 2026 07:34:21,951  INFO StartLogger - Building local events list
16 июл. 2026 07:34:21,979  INFO StartLogger - Writing static objects changes
16 июл. 2026 07:34:22,765  INFO StartLogger - Migrating reflection properties and actions
16 июл. 2026 07:34:22,831  INFO StartLogger - Recalculating materializations
16 июл. 2026 07:34:23,161  INFO StartLogger - Initializing security manager
16 июл. 2026 07:34:23,161  INFO StartLogger - Starting security manager
16 июл. 2026 07:34:23,270  INFO StartLogger - Starting RMI manager
16 июл. 2026 07:34:23,330  INFO StartLogger - Executing onInit action started
16 июл. 2026 07:34:23,333  INFO StartLogger - Synchronizing icons
16 июл. 2026 07:34:23,334  INFO StartLogger - Initializing actions' debugger
16 июл. 2026 07:34:23,338  INFO StartLogger - Prereading auto icons
16 июл. 2026 07:34:23,608  INFO StartLogger - Prereading auto icons finished, 0ms
16 июл. 2026 07:34:23,888  INFO StartLogger - Executing onInit action finished, 558ms
16 июл. 2026 07:34:23,889  INFO StartLogger - Executing onStarted action started
16 июл. 2026 07:34:23,889  INFO StartLogger - Exporting RMI logics object (port: 7652) started
16 июл. 2026 07:34:23,942  INFO StartLogger - Exporting RMI logics object (port: 7652) finished, 53ms
16 июл. 2026 07:34:32,429  INFO SystemLogger - Setting hostname: null
16 июл. 2026 07:34:32,483  INFO StartLogger - Starting Scheduler
16 июл. 2026 07:34:32,696  INFO SystemLogger - ChangeCurrentDate started: from 2026-07-15 to 2026-07-16
16 июл. 2026 07:34:32,698  INFO SystemLogger - Change current time snapshots to 2026-07-16T07:34:32.698235500, 2026-07-16T04:34:32.698235500Z
16 июл. 2026 07:34:32,761  INFO SystemLogger - ChangeCurrentDate finished
16 июл. 2026 07:34:33,779  INFO StartLogger - Executing onStarted action finished, 9890ms
16 июл. 2026 07:34:33,780  INFO SystemLogger - Binding WebSocketServer
16 июл. 2026 07:34:33,812  INFO SystemLogger - Binding ExternalHTTPServer
16 июл. 2026 07:34:33,869  INFO StartLogger - Reading modules hash
16 июл. 2026 07:34:33,869  INFO StartLogger - Prereading caches for properties
16 июл. 2026 07:34:33,870  INFO StartLogger - Prereading caches for properties finished, 0ms
16 июл. 2026 07:34:33,874  INFO StartLogger - Comparing modulesHash: old ba14636f, new ba14636f
16 июл. 2026 07:34:33,876  INFO StartLogger - Synchronizing navigator element parents started
16 июл. 2026 07:34:33,876  INFO StartLogger - Synchronizing navigator element parents finished, 0ms
16 июл. 2026 07:34:33,877  INFO StartLogger - Writing modulesHash ba14636f started
16 июл. 2026 07:34:33,946  INFO StartLogger - Writing modulesHash ba14636f finished, 69ms
16 июл. 2026 07:34:33,947  INFO StartLogger - Cleaning obsolete caches started
16 июл. 2026 07:34:33,953  INFO StartLogger - Cleaning obsolete caches finished, 6ms
16 июл. 2026 07:34:33,953  INFO StartLogger - Executing onFinallyStarted started
16 июл. 2026 07:34:34,078  INFO StartLogger - Executing onFinallyStarted finished, 125ms
16 июл. 2026 07:34:34,078  INFO StartLogger - Logics instance has successfully started
16 июл. 2026 07:34:34,087  INFO StartLogger - Desktop Client is available at:
16 июл. 2026 07:34:34,088  INFO StartLogger - Java Web Start (with auto update, requires JDK): https://download.lsfusion.org/java/lsfusion-client-6.2.jnlp
16 июл. 2026 07:34:34,088  INFO StartLogger - Installer for Windows (without auto update): https://download.lsfusion.org/exe/lsfusion-desktop-6.2-x64.exe
16 июл. 2026 07:34:34,101  INFO StartLogger - Server has successfully started in 31691 ms
16 июл. 2026 07:53:23,661  INFO StartLogger - Server is starting...
16 июл. 2026 07:53:24,032  INFO StartLogger - Current version: 6.2 (373)
16 июл. 2026 07:53:24,037  INFO StartLogger - Java version: 21.0.8
16 июл. 2026 07:53:24,037  INFO StartLogger - Class path: C:\Users\alexj\IdeaProjects\Test\out\production\Test;C:\Users\alexj\IdeaProjects\lsfusion-6.jar
16 июл. 2026 07:53:24,062  INFO StartLogger - JVM arguments: [-Xmx1200m, -ea, -Dlsfusion.server.lightstart=true, -Dlsfusion.server.devmode=true, -Dlsfusion.server.plugin.enabled=true, -javaagent:C:\Program Files\JetBrains\IDEA 2026.1\lib\idea_rt.jar=63497, -Dfile.encoding=UTF-8, -Dsun.stdout.encoding=UTF-8, -Dsun.stderr.encoding=UTF-8]
16 июл. 2026 07:53:27,838  INFO StartLogger - Logics instance is starting...
16 июл. 2026 07:53:27,931  INFO StartLogger - Initializing BusinessLogics
16 июл. 2026 07:53:28,076  INFO StartLogger - Creating modules
16 июл. 2026 07:53:28,075  INFO StartLogger - Initializing localizer
16 июл. 2026 07:53:28,073  INFO StartLogger - Initializing string literals data
16 июл. 2026 07:53:30,345  INFO StartLogger - Initializing dependencies
16 июл. 2026 07:53:31,105  INFO StartLogger - Initializing modules order
16 июл. 2026 07:53:31,109  INFO StartLogger - Initializing metacodes and classes
16 июл. 2026 07:53:32,740  INFO StartLogger - Initializing object class
16 июл. 2026 07:53:32,745  INFO StartLogger - Initializing tables
16 июл. 2026 07:53:32,823  INFO StartLogger - Initializing class tables
16 июл. 2026 07:53:33,042  INFO StartLogger - Initializing full tables with one key
16 июл. 2026 07:53:33,044  INFO StartLogger - Initializing main logic
16 июл. 2026 07:53:33,068  INFO StartLogger - Initializing main logic for module : #1 of 15 System (actual: 1)
16 июл. 2026 07:53:34,628  INFO StartLogger - Initializing main logic for module : #2 of 15 School (actual: 11)
16 июл. 2026 07:53:34,632  INFO StartLogger - Initializing main logic for module : #3 of 15 Time (actual: 2)
16 июл. 2026 07:53:34,683  INFO StartLogger - Initializing main logic for module : #4 of 15 Student (actual: 12)
16 июл. 2026 07:53:35,678  INFO StartLogger - Initializing main logic for module : #5 of 15 Utils (actual: 3)
16 июл. 2026 07:53:36,027  INFO StartLogger - Initializing main logic for module : #6 of 15 Authentication (actual: 4)
16 июл. 2026 07:53:36,028  INFO StartLogger - Initializing main logic for module : #7 of 15 Attestat (actual: 13)
16 июл. 2026 07:53:36,073  INFO StartLogger - Initializing main logic for module : #8 of 15 Predmet (actual: 14)
16 июл. 2026 07:53:36,099  INFO StartLogger - Initializing main logic for module : #9 of 15 Main (actual: 15)
16 июл. 2026 07:53:36,672  INFO StartLogger - Initializing main logic for module : #10 of 15 Reflection (actual: 5)
16 июл. 2026 07:53:37,038  INFO StartLogger - Initializing main logic for module : #11 of 15 SystemEvents (actual: 6)
16 июл. 2026 07:53:37,429  INFO StartLogger - Initializing main logic for module : #12 of 15 Email (actual: 7)
16 июл. 2026 07:53:37,762  INFO StartLogger - Initializing main logic for module : #13 of 15 Security (actual: 8)
16 июл. 2026 07:53:38,131  INFO StartLogger - Initializing main logic for module : #14 of 15 Service (actual: 9)
16 июл. 2026 07:53:38,519  INFO StartLogger - Initializing main logic for module : #15 of 15 Scheduler (actual: 10)
16 июл. 2026 07:53:38,696  INFO StartLogger - Finalizing classes
16 июл. 2026 07:53:38,699  INFO StartLogger - Finalizing groups
16 июл. 2026 07:53:38,707  INFO StartLogger - Checking for duplicate elements
16 июл. 2026 07:53:38,776  INFO StartLogger - Filling implicit cases
16 июл. 2026 07:53:38,777  INFO StartLogger - Initializing class dialog forms
16 июл. 2026 07:53:38,781  INFO StartLogger - Finalizing abstract actions
16 июл. 2026 07:53:38,782  INFO StartLogger - Initializing abstract properties
16 июл. 2026 07:53:38,878  INFO StartLogger - Initializing fields for data and materialized properties
16 июл. 2026 07:53:38,880  INFO StartLogger - Checking abstract
16 июл. 2026 07:53:38,901  INFO StartLogger - Looking for recursions in abstract actions
16 июл. 2026 07:53:38,903  INFO StartLogger - Initializing class aggr props
16 июл. 2026 07:53:39,241  INFO StartLogger - Finalizing navigator elements
16 июл. 2026 07:53:39,271  INFO StartLogger - Setting up property policy
16 июл. 2026 07:53:39,272  INFO StartLogger - Setting up drill-down
16 июл. 2026 07:53:39,690  INFO StartLogger - Finalizing tables
16 июл. 2026 07:53:39,696  INFO StartLogger - Initializing indices
16 июл. 2026 07:53:39,726  INFO StartLogger - Initializing reflection events
16 июл. 2026 07:53:39,754  INFO StartLogger - Setting up action policy
16 июл. 2026 07:53:43,239  INFO StartLogger - Setting user logging for properties
16 июл. 2026 07:53:43,280  INFO StartLogger - Setting user materialized for properties
16 июл. 2026 07:53:43,287  INFO StartLogger - Setting user not null constraints for properties
16 июл. 2026 07:53:43,300  INFO StartLogger - Disabling input list
16 июл. 2026 07:53:43,314  INFO StartLogger - Setting user select for properties
16 июл. 2026 07:53:43,332  INFO StartLogger - Initializing class data indexes
16 июл. 2026 07:53:43,333  INFO StartLogger - Finalizing forms
16 июл. 2026 07:53:43,333  INFO StartLogger - Setting up loggables
16 июл. 2026 07:53:43,388  INFO StartLogger - Finalizing properties
16 июл. 2026 07:53:43,412  INFO StartLogger - Synchronizing DB
16 июл. 2026 07:53:43,622  INFO StartLogger - Checking indexes
16 июл. 2026 07:53:43,640  INFO StartLogger - Applying migration script (0.0 -> 0.0)
16 июл. 2026 07:53:43,739  INFO StartLogger - Creating tables
16 июл. 2026 07:53:43,746  INFO StartLogger - Updating stats
16 июл. 2026 07:53:43,798  INFO StartLogger - Adding indexes
16 июл. 2026 07:53:43,799  INFO StartLogger - Packing tables
16 июл. 2026 07:53:43,799  INFO StartLogger - Filling static objects ids
16 июл. 2026 07:53:44,228  INFO StartLogger - Prereading form property events
16 июл. 2026 07:53:45,172  INFO StartLogger - Initializing lazy properties
16 июл. 2026 07:53:45,205  INFO StartLogger - Looking for recursions in abstract properties
16 июл. 2026 07:53:45,205  INFO StartLogger - Reading global events / materialized properties links
16 июл. 2026 07:53:46,539  INFO StartLogger - Building global events / materialized properties list
16 июл. 2026 07:53:46,580  INFO StartLogger - Reading local events links
16 июл. 2026 07:53:46,597  INFO StartLogger - Building local events list
16 июл. 2026 07:53:46,643  INFO StartLogger - Writing static objects changes
16 июл. 2026 07:53:47,523  INFO StartLogger - Migrating reflection properties and actions
16 июл. 2026 07:53:47,593  INFO StartLogger - Recalculating materializations
16 июл. 2026 07:53:47,943  INFO StartLogger - Initializing security manager
16 июл. 2026 07:53:47,944  INFO StartLogger - Starting security manager
16 июл. 2026 07:53:48,113  INFO StartLogger - Starting RMI manager
16 июл. 2026 07:53:48,225  INFO StartLogger - Initializing actions' debugger
16 июл. 2026 07:53:48,225  INFO StartLogger - Synchronizing icons
16 июл. 2026 07:53:48,225  INFO StartLogger - Executing onInit action started
16 июл. 2026 07:53:48,225  INFO StartLogger - Prereading auto icons
16 июл. 2026 07:53:48,529  INFO StartLogger - Prereading auto icons finished, 0ms
16 июл. 2026 07:53:48,811  INFO StartLogger - Executing onInit action finished, 586ms
16 июл. 2026 07:53:48,811  INFO StartLogger - Executing onStarted action started
16 июл. 2026 07:53:48,813  INFO StartLogger - Exporting RMI logics object (port: 7652) started
16 июл. 2026 07:53:49,059  INFO StartLogger - Exporting RMI logics object (port: 7652) finished, 246ms
16 июл. 2026 07:53:56,716  INFO SystemLogger - Setting hostname: null
16 июл. 2026 07:53:56,761  INFO StartLogger - Starting Scheduler
16 июл. 2026 07:53:56,966  INFO SystemLogger - Change current time snapshots to 2026-07-16T07:53:56.966560600, 2026-07-16T04:53:56.966560600Z
16 июл. 2026 07:53:57,424  INFO StartLogger - Executing onStarted action finished, 8613ms
16 июл. 2026 07:53:57,425  INFO SystemLogger - Binding ExternalHTTPServer
16 июл. 2026 07:53:57,517  INFO SystemLogger - Binding WebSocketServer
16 июл. 2026 07:53:57,549  INFO StartLogger - Prereading caches for properties
16 июл. 2026 07:53:57,549  INFO StartLogger - Reading modules hash
16 июл. 2026 07:53:57,550  INFO StartLogger - Prereading caches for properties finished, 0ms
16 июл. 2026 07:53:57,553  INFO StartLogger - Comparing modulesHash: old ba14636f, new 447d00e7
16 июл. 2026 07:53:57,554  INFO StartLogger - Synchronizing navigator element parents started
16 июл. 2026 07:53:57,555  INFO StartLogger - Synchronizing navigator element parents finished, 1ms
16 июл. 2026 07:53:57,555  INFO StartLogger - Synchronizing tables started
16 июл. 2026 07:53:58,452  INFO StartLogger - Synchronizing tables finished, 897ms
16 июл. 2026 07:53:58,454  INFO StartLogger - Writing modulesHash 447d00e7 started
16 июл. 2026 07:53:58,531  INFO StartLogger - Writing modulesHash 447d00e7 finished, 77ms
16 июл. 2026 07:53:58,533  INFO StartLogger - Cleaning obsolete caches started
16 июл. 2026 07:53:58,540  INFO StartLogger - Cleaning obsolete caches finished, 7ms
16 июл. 2026 07:53:58,541  INFO StartLogger - Executing onFinallyStarted started
16 июл. 2026 07:53:58,590  INFO StartLogger - Executing onFinallyStarted finished, 49ms
16 июл. 2026 07:53:58,590  INFO StartLogger - Logics instance has successfully started
16 июл. 2026 07:53:58,591  INFO StartLogger - Desktop Client is available at:
16 июл. 2026 07:53:58,592  INFO StartLogger - Java Web Start (with auto update, requires JDK): https://download.lsfusion.org/java/lsfusion-client-6.2.jnlp
16 июл. 2026 07:53:58,592  INFO StartLogger - Installer for Windows (without auto update): https://download.lsfusion.org/exe/lsfusion-desktop-6.2-x64.exe
16 июл. 2026 07:53:58,592  INFO StartLogger - Server has successfully started in 35802 ms
16 июл. 2026 07:59:13,285  INFO StartLogger - Server is starting...
16 июл. 2026 07:59:13,495  INFO StartLogger - Current version: 6.2 (373)
16 июл. 2026 07:59:13,498  INFO StartLogger - Java version: 21.0.8
16 июл. 2026 07:59:13,500  INFO StartLogger - Class path: C:\Users\alexj\IdeaProjects\Test\out\production\Test;C:\Users\alexj\IdeaProjects\lsfusion-6.jar
16 июл. 2026 07:59:13,522  INFO StartLogger - JVM arguments: [-Xmx1200m, -ea, -Dlsfusion.server.lightstart=true, -Dlsfusion.server.devmode=true, -Dlsfusion.server.plugin.enabled=true, -javaagent:C:\Program Files\JetBrains\IDEA 2026.1\lib\idea_rt.jar=63751, -Dfile.encoding=UTF-8, -Dsun.stdout.encoding=UTF-8, -Dsun.stderr.encoding=UTF-8]
16 июл. 2026 07:59:15,451  INFO StartLogger - Logics instance is starting...
16 июл. 2026 07:59:15,506  INFO StartLogger - Initializing BusinessLogics
16 июл. 2026 07:59:15,545  INFO StartLogger - Initializing string literals data
16 июл. 2026 07:59:15,546  INFO StartLogger - Creating modules
16 июл. 2026 07:59:15,545  INFO StartLogger - Initializing localizer
16 июл. 2026 07:59:16,968  INFO StartLogger - Initializing dependencies
16 июл. 2026 07:59:17,536  INFO StartLogger - Initializing modules order
16 июл. 2026 07:59:17,539  INFO StartLogger - Initializing metacodes and classes
16 июл. 2026 07:59:18,579  INFO StartLogger - Initializing object class
16 июл. 2026 07:59:18,584  INFO StartLogger - Initializing tables
16 июл. 2026 07:59:18,673  INFO StartLogger - Initializing class tables
16 июл. 2026 07:59:18,865  INFO StartLogger - Initializing full tables with one key
16 июл. 2026 07:59:18,867  INFO StartLogger - Initializing main logic
16 июл. 2026 07:59:18,887  INFO StartLogger - Initializing main logic for module : #1 of 15 System (actual: 1)
16 июл. 2026 07:59:20,012  INFO StartLogger - Initializing main logic for module : #2 of 15 School (actual: 11)
16 июл. 2026 07:59:20,012  INFO StartLogger - Initializing main logic for module : #3 of 15 Time (actual: 2)
16 июл. 2026 07:59:20,086  INFO StartLogger - Initializing main logic for module : #4 of 15 Student (actual: 12)
16 июл. 2026 07:59:20,746  INFO StartLogger - Initializing main logic for module : #5 of 15 Utils (actual: 3)
16 июл. 2026 07:59:21,097  INFO StartLogger - Initializing main logic for module : #6 of 15 Attestat (actual: 13)
16 июл. 2026 07:59:21,098  INFO StartLogger - Initializing main logic for module : #7 of 15 Authentication (actual: 4)
16 июл. 2026 07:59:21,145  INFO StartLogger - Initializing main logic for module : #8 of 15 Predmet (actual: 14)
16 июл. 2026 07:59:21,172  INFO StartLogger - Initializing main logic for module : #9 of 15 Main (actual: 15)
16 июл. 2026 07:59:21,691  INFO StartLogger - Initializing main logic for module : #10 of 15 Reflection (actual: 5)
16 июл. 2026 07:59:22,099  INFO StartLogger - Initializing main logic for module : #11 of 15 SystemEvents (actual: 6)
16 июл. 2026 07:59:22,554  INFO StartLogger - Initializing main logic for module : #12 of 15 Email (actual: 7)
16 июл. 2026 07:59:22,736  INFO StartLogger - Initializing main logic for module : #13 of 15 Security (actual: 8)
16 июл. 2026 07:59:23,099  INFO StartLogger - Initializing main logic for module : #14 of 15 Service (actual: 9)
16 июл. 2026 07:59:23,523  INFO StartLogger - Initializing main logic for module : #15 of 15 Scheduler (actual: 10)
16 июл. 2026 07:59:23,769  INFO StartLogger - Finalizing classes
16 июл. 2026 07:59:23,773  INFO StartLogger - Finalizing groups
16 июл. 2026 07:59:23,779  INFO StartLogger - Checking for duplicate elements
16 июл. 2026 07:59:23,811  INFO StartLogger - Filling implicit cases
16 июл. 2026 07:59:23,811  INFO StartLogger - Initializing class dialog forms
16 июл. 2026 07:59:23,812  INFO StartLogger - Finalizing abstract actions
16 июл. 2026 07:59:23,812  INFO StartLogger - Initializing abstract properties
16 июл. 2026 07:59:23,880  INFO StartLogger - Initializing class aggr props
16 июл. 2026 07:59:23,883  INFO StartLogger - Initializing fields for data and materialized properties
16 июл. 2026 07:59:23,893  INFO StartLogger - Looking for recursions in abstract actions
16 июл. 2026 07:59:23,905  INFO StartLogger - Setting up drill-down
16 июл. 2026 07:59:24,155  INFO StartLogger - Finalizing navigator elements
16 июл. 2026 07:59:24,464  INFO StartLogger - Checking abstract
16 июл. 2026 07:59:24,514  INFO StartLogger - Setting up property policy
16 июл. 2026 07:59:24,520  INFO StartLogger - Initializing indices
16 июл. 2026 07:59:24,521  INFO StartLogger - Finalizing tables
16 июл. 2026 07:59:24,545  INFO StartLogger - Setting up action policy
16 июл. 2026 07:59:24,547  INFO StartLogger - Initializing reflection events
16 июл. 2026 07:59:28,360  INFO StartLogger - Setting user logging for properties
16 июл. 2026 07:59:28,399  INFO StartLogger - Setting user materialized for properties
16 июл. 2026 07:59:28,405  INFO StartLogger - Setting user not null constraints for properties
16 июл. 2026 07:59:28,416  INFO StartLogger - Disabling input list
16 июл. 2026 07:59:28,429  INFO StartLogger - Setting user select for properties
16 июл. 2026 07:59:28,451  INFO StartLogger - Initializing class data indexes
16 июл. 2026 07:59:28,451  INFO StartLogger - Setting up loggables
16 июл. 2026 07:59:28,451  INFO StartLogger - Finalizing forms
16 июл. 2026 07:59:28,509  INFO StartLogger - Finalizing properties
16 июл. 2026 07:59:28,529  INFO StartLogger - Synchronizing DB
16 июл. 2026 07:59:28,676  INFO StartLogger - Checking indexes
16 июл. 2026 07:59:28,691  INFO StartLogger - Applying migration script (0.0 -> 0.0)
16 июл. 2026 07:59:28,783  INFO StartLogger - Creating tables
16 июл. 2026 07:59:28,790  INFO StartLogger - Updating stats
16 июл. 2026 07:59:28,841  INFO StartLogger - Adding indexes
16 июл. 2026 07:59:28,842  INFO StartLogger - Packing tables
16 июл. 2026 07:59:28,842  INFO StartLogger - Filling static objects ids
16 июл. 2026 07:59:29,245  INFO StartLogger - Prereading form property events
16 июл. 2026 07:59:30,097  INFO StartLogger - Initializing lazy properties
16 июл. 2026 07:59:30,130  INFO StartLogger - Reading global events / materialized properties links
16 июл. 2026 07:59:30,131  INFO StartLogger - Looking for recursions in abstract properties
16 июл. 2026 07:59:31,765  INFO StartLogger - Building global events / materialized properties list
16 июл. 2026 07:59:31,817  INFO StartLogger - Reading local events links
16 июл. 2026 07:59:31,839  INFO StartLogger - Building local events list
16 июл. 2026 07:59:31,880  INFO StartLogger - Writing static objects changes
16 июл. 2026 07:59:32,780  INFO StartLogger - Migrating reflection properties and actions
16 июл. 2026 07:59:32,899  INFO StartLogger - Recalculating materializations
16 июл. 2026 07:59:33,356  INFO StartLogger - Initializing security manager
16 июл. 2026 07:59:33,357  INFO StartLogger - Starting security manager
16 июл. 2026 07:59:33,509  INFO StartLogger - Starting RMI manager
16 июл. 2026 07:59:33,633  INFO StartLogger - Executing onInit action started
16 июл. 2026 07:59:33,634  INFO StartLogger - Synchronizing icons
16 июл. 2026 07:59:33,635  INFO StartLogger - Initializing actions' debugger
16 июл. 2026 07:59:33,635  INFO StartLogger - Prereading auto icons
16 июл. 2026 07:59:34,487  INFO StartLogger - Prereading auto icons finished, 0ms
16 июл. 2026 07:59:34,685  INFO StartLogger - Executing onInit action finished, 1052ms
16 июл. 2026 07:59:34,688  INFO StartLogger - Executing onStarted action started
16 июл. 2026 07:59:34,701  INFO StartLogger - Exporting RMI logics object (port: 7652) started
16 июл. 2026 07:59:35,003  INFO StartLogger - Exporting RMI logics object (port: 7652) finished, 302ms
16 июл. 2026 07:59:46,066  INFO SystemLogger - Setting hostname: null
16 июл. 2026 07:59:46,104  INFO StartLogger - Starting Scheduler
16 июл. 2026 07:59:46,345  INFO SystemLogger - Change current time snapshots to 2026-07-16T07:59:46.344290900, 2026-07-16T04:59:46.344290900Z
16 июл. 2026 07:59:47,494  INFO StartLogger - Executing onStarted action finished, 12806ms
16 июл. 2026 07:59:47,499  INFO SystemLogger - Binding ExternalHTTPServer
16 июл. 2026 07:59:47,794  INFO SystemLogger - Binding WebSocketServer
16 июл. 2026 07:59:47,813  INFO StartLogger - Prereading caches for properties
16 июл. 2026 07:59:47,814  INFO StartLogger - Reading modules hash
16 июл. 2026 07:59:47,821  INFO StartLogger - Comparing modulesHash: old 447d00e7, new aa3dec7f
16 июл. 2026 07:59:47,822  INFO StartLogger - Synchronizing navigator element parents started
16 июл. 2026 07:59:47,823  INFO StartLogger - Synchronizing navigator element parents finished, 1ms
16 июл. 2026 07:59:47,824  INFO StartLogger - Synchronizing tables started
16 июл. 2026 07:59:47,828  INFO StartLogger - Prereading caches for properties finished, 0ms
16 июл. 2026 07:59:48,692  INFO StartLogger - Synchronizing tables finished, 868ms
16 июл. 2026 07:59:48,694  INFO StartLogger - Writing modulesHash aa3dec7f started
16 июл. 2026 07:59:48,730  INFO StartLogger - Writing modulesHash aa3dec7f finished, 36ms
16 июл. 2026 07:59:48,732  INFO StartLogger - Cleaning obsolete caches started
16 июл. 2026 07:59:48,741  INFO StartLogger - Cleaning obsolete caches finished, 9ms
16 июл. 2026 07:59:48,742  INFO StartLogger - Executing onFinallyStarted started
16 июл. 2026 07:59:48,801  INFO StartLogger - Executing onFinallyStarted finished, 59ms
16 июл. 2026 07:59:48,802  INFO StartLogger - Logics instance has successfully started
16 июл. 2026 07:59:48,803  INFO StartLogger - Desktop Client is available at:
16 июл. 2026 07:59:48,804  INFO StartLogger - Java Web Start (with auto update, requires JDK): https://download.lsfusion.org/java/lsfusion-client-6.2.jnlp
16 июл. 2026 07:59:48,804  INFO StartLogger - Installer for Windows (without auto update): https://download.lsfusion.org/exe/lsfusion-desktop-6.2-x64.exe
16 июл. 2026 07:59:48,804  INFO StartLogger - Server has successfully started in 36146 ms
16 июл. 2026 08:00:19,418  INFO StartLogger - Server is starting...
16 июл. 2026 08:00:19,680  INFO StartLogger - Current version: 6.2 (373)
16 июл. 2026 08:00:19,684  INFO StartLogger - Java version: 21.0.8
16 июл. 2026 08:00:19,684  INFO StartLogger - Class path: C:\Users\alexj\IdeaProjects\Test\out\production\Test;C:\Users\alexj\IdeaProjects\lsfusion-6.jar
16 июл. 2026 08:00:19,708  INFO StartLogger - JVM arguments: [-Xmx1200m, -ea, -Dlsfusion.server.lightstart=true, -Dlsfusion.server.devmode=true, -Dlsfusion.server.plugin.enabled=true, -javaagent:C:\Program Files\JetBrains\IDEA 2026.1\lib\idea_rt.jar=63776, -Dfile.encoding=UTF-8, -Dsun.stdout.encoding=UTF-8, -Dsun.stderr.encoding=UTF-8]
16 июл. 2026 08:00:21,987  INFO StartLogger - Logics instance is starting...
16 июл. 2026 08:00:22,051  INFO StartLogger - Initializing BusinessLogics
16 июл. 2026 08:00:22,123  INFO StartLogger - Initializing string literals data
16 июл. 2026 08:00:22,132  INFO StartLogger - Creating modules
16 июл. 2026 08:00:22,124  INFO StartLogger - Initializing localizer
16 июл. 2026 08:00:23,407  INFO StartLogger - Initializing dependencies
16 июл. 2026 08:00:24,058  INFO StartLogger - Initializing modules order
16 июл. 2026 08:00:24,061  INFO StartLogger - Initializing metacodes and classes
16 июл. 2026 08:00:25,197  INFO StartLogger - Initializing object class
16 июл. 2026 08:00:25,202  INFO StartLogger - Initializing tables
16 июл. 2026 08:00:25,301  INFO StartLogger - Initializing class tables
16 июл. 2026 08:00:25,545  INFO StartLogger - Initializing full tables with one key
16 июл. 2026 08:00:25,548  INFO StartLogger - Initializing main logic
16 июл. 2026 08:00:25,574  INFO StartLogger - Initializing main logic for module : #1 of 15 System (actual: 1)
16 июл. 2026 08:00:27,240  INFO StartLogger - Initializing main logic for module : #2 of 15 Time (actual: 2)
16 июл. 2026 08:00:27,240  INFO StartLogger - Initializing main logic for module : #3 of 15 School (actual: 11)
16 июл. 2026 08:00:27,294  INFO StartLogger - Initializing main logic for module : #4 of 15 Student (actual: 12)
16 июл. 2026 08:00:27,992  INFO StartLogger - Initializing main logic for module : #5 of 15 Utils (actual: 3)
16 июл. 2026 08:00:28,338  INFO StartLogger - Initializing main logic for module : #6 of 15 Attestat (actual: 13)
16 июл. 2026 08:00:28,338  INFO StartLogger - Initializing main logic for module : #7 of 15 Authentication (actual: 4)
16 июл. 2026 08:00:28,375  INFO StartLogger - Initializing main logic for module : #8 of 15 Predmet (actual: 14)
16 июл. 2026 08:00:28,410  INFO StartLogger - Initializing main logic for module : #9 of 15 Main (actual: 15)
16 июл. 2026 08:00:28,948  INFO StartLogger - Initializing main logic for module : #10 of 15 Reflection (actual: 5)
16 июл. 2026 08:00:29,284  INFO StartLogger - Initializing main logic for module : #11 of 15 SystemEvents (actual: 6)
16 июл. 2026 08:00:29,736  INFO StartLogger - Initializing main logic for module : #12 of 15 Email (actual: 7)
16 июл. 2026 08:00:29,934  INFO StartLogger - Initializing main logic for module : #13 of 15 Security (actual: 8)
16 июл. 2026 08:00:30,481  INFO StartLogger - Initializing main logic for module : #14 of 15 Service (actual: 9)
16 июл. 2026 08:00:30,896  INFO StartLogger - Initializing main logic for module : #15 of 15 Scheduler (actual: 10)
16 июл. 2026 08:00:31,017  INFO StartLogger - Finalizing classes
16 июл. 2026 08:00:31,019  INFO StartLogger - Finalizing groups
16 июл. 2026 08:00:31,019  INFO StartLogger - Checking for duplicate elements
16 июл. 2026 08:00:31,058  INFO StartLogger - Filling implicit cases
16 июл. 2026 08:00:31,058  INFO StartLogger - Initializing class dialog forms
16 июл. 2026 08:00:31,058  INFO StartLogger - Finalizing abstract actions
16 июл. 2026 08:00:31,060  INFO StartLogger - Initializing abstract properties
16 июл. 2026 08:00:31,202  INFO StartLogger - Initializing class aggr props
16 июл. 2026 08:00:31,208  INFO StartLogger - Initializing fields for data and materialized properties
16 июл. 2026 08:00:31,210  INFO StartLogger - Checking abstract
16 июл. 2026 08:00:31,239  INFO StartLogger - Looking for recursions in abstract actions
16 июл. 2026 08:00:31,403  INFO StartLogger - Finalizing navigator elements
16 июл. 2026 08:00:31,405  INFO StartLogger - Setting up property policy
16 июл. 2026 08:00:31,406  INFO StartLogger - Setting up drill-down
16 июл. 2026 08:00:31,453  INFO StartLogger - Finalizing tables
16 июл. 2026 08:00:31,458  INFO StartLogger - Initializing indices
16 июл. 2026 08:00:31,470  INFO StartLogger - Initializing reflection events
16 июл. 2026 08:00:32,101  INFO StartLogger - Setting up action policy
16 июл. 2026 08:00:34,897  INFO StartLogger - Setting user logging for properties
16 июл. 2026 08:00:34,931  INFO StartLogger - Setting user materialized for properties
16 июл. 2026 08:00:34,937  INFO StartLogger - Setting user not null constraints for properties
16 июл. 2026 08:00:34,949  INFO StartLogger - Disabling input list
16 июл. 2026 08:00:34,959  INFO StartLogger - Setting user select for properties
16 июл. 2026 08:00:34,975  INFO StartLogger - Initializing class data indexes
16 июл. 2026 08:00:34,975  INFO StartLogger - Finalizing forms
16 июл. 2026 08:00:34,975  INFO StartLogger - Setting up loggables
16 июл. 2026 08:00:35,229  INFO StartLogger - Finalizing properties
16 июл. 2026 08:00:35,278  INFO StartLogger - Synchronizing DB
16 июл. 2026 08:00:35,360  INFO StartLogger - Checking indexes
16 июл. 2026 08:00:35,377  INFO StartLogger - Applying migration script (0.0 -> 0.0)
16 июл. 2026 08:00:35,520  INFO StartLogger - Creating tables
16 июл. 2026 08:00:35,528  INFO StartLogger - Updating stats
16 июл. 2026 08:00:35,582  INFO StartLogger - Adding indexes
16 июл. 2026 08:00:35,583  INFO StartLogger - Packing tables
16 июл. 2026 08:00:35,583  INFO StartLogger - Filling static objects ids
16 июл. 2026 08:00:35,965  INFO StartLogger - Prereading form property events
16 июл. 2026 08:00:36,682  INFO StartLogger - Initializing lazy properties
16 июл. 2026 08:00:36,713  INFO StartLogger - Reading global events / materialized properties links
16 июл. 2026 08:00:36,717  INFO StartLogger - Looking for recursions in abstract properties
16 июл. 2026 08:00:38,231  INFO StartLogger - Building global events / materialized properties list
16 июл. 2026 08:00:38,274  INFO StartLogger - Reading local events links
16 июл. 2026 08:00:38,294  INFO StartLogger - Building local events list
16 июл. 2026 08:00:38,331  INFO StartLogger - Writing static objects changes
16 июл. 2026 08:00:39,222  INFO StartLogger - Migrating reflection properties and actions
16 июл. 2026 08:00:39,304  INFO StartLogger - Recalculating materializations
16 июл. 2026 08:00:39,638  INFO StartLogger - Initializing security manager
16 июл. 2026 08:00:39,638  INFO StartLogger - Starting security manager
16 июл. 2026 08:00:39,803  INFO StartLogger - Starting RMI manager
16 июл. 2026 08:00:39,917  INFO StartLogger - Initializing actions' debugger
16 июл. 2026 08:00:39,919  INFO StartLogger - Executing onInit action started
16 июл. 2026 08:00:39,929  INFO StartLogger - Synchronizing icons
16 июл. 2026 08:00:39,986  INFO StartLogger - Prereading auto icons
16 июл. 2026 08:00:40,507  INFO StartLogger - Prereading auto icons finished, 0ms
16 июл. 2026 08:00:40,887  INFO StartLogger - Executing onInit action finished, 968ms
16 июл. 2026 08:00:40,888  INFO StartLogger - Executing onStarted action started
16 июл. 2026 08:00:40,890  INFO StartLogger - Exporting RMI logics object (port: 7652) started
16 июл. 2026 08:00:40,914  INFO StartLogger - Exporting RMI logics object (port: 7652) finished, 24ms
16 июл. 2026 08:00:49,187  INFO SystemLogger - Setting hostname: null
16 июл. 2026 08:00:49,228  INFO StartLogger - Starting Scheduler
16 июл. 2026 08:00:49,354  INFO SystemLogger - Change current time snapshots to 2026-07-16T08:00:49.354941500, 2026-07-16T05:00:49.354941500Z
16 июл. 2026 08:00:49,747  INFO StartLogger - Executing onStarted action finished, 8859ms
16 июл. 2026 08:00:49,748  INFO SystemLogger - Binding ExternalHTTPServer
16 июл. 2026 08:00:49,794  INFO SystemLogger - Binding WebSocketServer
16 июл. 2026 08:00:49,806  INFO StartLogger - Prereading caches for properties
16 июл. 2026 08:00:49,806  INFO StartLogger - Reading modules hash
16 июл. 2026 08:00:49,807  INFO StartLogger - Prereading caches for properties finished, 0ms
16 июл. 2026 08:00:49,812  INFO StartLogger - Comparing modulesHash: old aa3dec7f, new d46d048f
16 июл. 2026 08:00:49,813  INFO StartLogger - Synchronizing navigator element parents started
16 июл. 2026 08:00:49,813  INFO StartLogger - Synchronizing navigator element parents finished, 0ms
16 июл. 2026 08:00:49,813  INFO StartLogger - Synchronizing tables started
16 июл. 2026 08:00:50,612  INFO StartLogger - Synchronizing tables finished, 799ms
16 июл. 2026 08:00:50,614  INFO StartLogger - Writing modulesHash d46d048f started
16 июл. 2026 08:00:50,645  INFO StartLogger - Writing modulesHash d46d048f finished, 31ms
16 июл. 2026 08:00:50,646  INFO StartLogger - Cleaning obsolete caches started
16 июл. 2026 08:00:50,652  INFO StartLogger - Cleaning obsolete caches finished, 6ms
16 июл. 2026 08:00:50,653  INFO StartLogger - Executing onFinallyStarted started
16 июл. 2026 08:00:50,697  INFO StartLogger - Executing onFinallyStarted finished, 44ms
16 июл. 2026 08:00:50,697  INFO StartLogger - Logics instance has successfully started
16 июл. 2026 08:00:50,698  INFO StartLogger - Desktop Client is available at:
16 июл. 2026 08:00:50,699  INFO StartLogger - Java Web Start (with auto update, requires JDK): https://download.lsfusion.org/java/lsfusion-client-6.2.jnlp
16 июл. 2026 08:00:50,699  INFO StartLogger - Installer for Windows (without auto update): https://download.lsfusion.org/exe/lsfusion-desktop-6.2-x64.exe
16 июл. 2026 08:00:50,699  INFO StartLogger - Server has successfully started in 32268 ms
16 июл. 2026 08:52:07,686  INFO StartLogger - Server is starting...
16 июл. 2026 08:52:07,910  INFO StartLogger - Current version: 6.2 (373)
16 июл. 2026 08:52:07,915  INFO StartLogger - Java version: 21.0.8
16 июл. 2026 08:52:07,916  INFO StartLogger - Class path: C:\Users\alexj\IdeaProjects\Test\out\production\Test;C:\Users\alexj\IdeaProjects\lsfusion-6.jar
16 июл. 2026 08:52:07,940  INFO StartLogger - JVM arguments: [-Xmx1200m, -ea, -Dlsfusion.server.lightstart=true, -Dlsfusion.server.devmode=true, -Dlsfusion.server.plugin.enabled=true, -javaagent:C:\Program Files\JetBrains\IDEA 2026.1\lib\idea_rt.jar=54807, -Dfile.encoding=UTF-8, -Dsun.stdout.encoding=UTF-8, -Dsun.stderr.encoding=UTF-8]
16 июл. 2026 08:52:10,517  INFO StartLogger - Logics instance is starting...
16 июл. 2026 08:52:10,585  INFO StartLogger - Initializing BusinessLogics
16 июл. 2026 08:52:10,691  INFO StartLogger - Initializing string literals data
16 июл. 2026 08:52:10,691  INFO StartLogger - Creating modules
16 июл. 2026 08:52:10,691  INFO StartLogger - Initializing localizer
16 июл. 2026 08:52:12,381  INFO StartLogger - Initializing dependencies
16 июл. 2026 08:52:13,288  INFO StartLogger - Initializing modules order
16 июл. 2026 08:52:13,291  INFO StartLogger - Initializing metacodes and classes
16 июл. 2026 08:52:14,367  INFO StartLogger - Initializing object class
16 июл. 2026 08:52:14,372  INFO StartLogger - Initializing tables
16 июл. 2026 08:52:14,461  INFO StartLogger - Initializing class tables
16 июл. 2026 08:52:14,645  INFO StartLogger - Initializing full tables with one key
16 июл. 2026 08:52:14,647  INFO StartLogger - Initializing main logic
16 июл. 2026 08:52:14,662  INFO StartLogger - Initializing main logic for module : #1 of 15 System (actual: 1)
16 июл. 2026 08:52:15,717  INFO StartLogger - Initializing main logic for module : #2 of 15 School (actual: 11)
16 июл. 2026 08:52:15,717  INFO StartLogger - Initializing main logic for module : #3 of 15 Time (actual: 2)
16 июл. 2026 08:52:15,798  INFO StartLogger - Initializing main logic for module : #4 of 15 Student (actual: 12)
16 июл. 2026 08:52:16,402  INFO StartLogger - Initializing main logic for module : #5 of 15 Utils (actual: 3)
16 июл. 2026 08:52:16,669  INFO StartLogger - Initializing main logic for module : #6 of 15 Authentication (actual: 4)
16 июл. 2026 08:52:16,669  INFO StartLogger - Initializing main logic for module : #7 of 15 Attestat (actual: 13)
16 июл. 2026 08:52:16,704  INFO StartLogger - Initializing main logic for module : #8 of 15 Predmet (actual: 14)
16 июл. 2026 08:52:16,731  INFO StartLogger - Initializing main logic for module : #9 of 15 Main (actual: 15)
16 июл. 2026 08:52:17,198  INFO StartLogger - Initializing main logic for module : #10 of 15 Reflection (actual: 5)
16 июл. 2026 08:52:17,720  INFO StartLogger - Initializing main logic for module : #11 of 15 SystemEvents (actual: 6)
16 июл. 2026 08:52:18,120  INFO StartLogger - Initializing main logic for module : #12 of 15 Email (actual: 7)
16 июл. 2026 08:52:18,317  INFO StartLogger - Initializing main logic for module : #13 of 15 Security (actual: 8)
16 июл. 2026 08:52:18,634  INFO StartLogger - Initializing main logic for module : #14 of 15 Service (actual: 9)
16 июл. 2026 08:52:19,023  INFO StartLogger - Initializing main logic for module : #15 of 15 Scheduler (actual: 10)
16 июл. 2026 08:52:19,142  INFO StartLogger - Finalizing classes
16 июл. 2026 08:52:19,142  INFO StartLogger - Finalizing groups
16 июл. 2026 08:52:19,143  INFO StartLogger - Checking for duplicate elements
16 июл. 2026 08:52:19,170  INFO StartLogger - Filling implicit cases
16 июл. 2026 08:52:19,170  INFO StartLogger - Initializing class dialog forms
16 июл. 2026 08:52:19,171  INFO StartLogger - Initializing abstract properties
16 июл. 2026 08:52:19,171  INFO StartLogger - Finalizing abstract actions
16 июл. 2026 08:52:19,227  INFO StartLogger - Initializing fields for data and materialized properties
16 июл. 2026 08:52:19,227  INFO StartLogger - Initializing class aggr props
16 июл. 2026 08:52:19,242  INFO StartLogger - Checking abstract
16 июл. 2026 08:52:19,281  INFO StartLogger - Looking for recursions in abstract actions
16 июл. 2026 08:52:19,413  INFO StartLogger - Finalizing navigator elements
16 июл. 2026 08:52:19,417  INFO StartLogger - Setting up property policy
16 июл. 2026 08:52:19,418  INFO StartLogger - Setting up drill-down
16 июл. 2026 08:52:19,440  INFO StartLogger - Finalizing tables
16 июл. 2026 08:52:19,442  INFO StartLogger - Initializing indices
16 июл. 2026 08:52:19,452  INFO StartLogger - Initializing reflection events
16 июл. 2026 08:52:20,147  INFO StartLogger - Setting up action policy
16 июл. 2026 08:52:24,916  INFO StartLogger - Setting user logging for properties
16 июл. 2026 08:52:24,956  INFO StartLogger - Setting user materialized for properties
16 июл. 2026 08:52:24,961  INFO StartLogger - Setting user not null constraints for properties
16 июл. 2026 08:52:24,975  INFO StartLogger - Disabling input list
16 июл. 2026 08:52:24,987  INFO StartLogger - Setting user select for properties
16 июл. 2026 08:52:25,006  INFO StartLogger - Initializing class data indexes
16 июл. 2026 08:52:25,006  INFO StartLogger - Setting up loggables
16 июл. 2026 08:52:25,006  INFO StartLogger - Finalizing forms
16 июл. 2026 08:52:25,065  INFO StartLogger - Finalizing properties
16 июл. 2026 08:52:25,113  INFO StartLogger - Synchronizing DB
16 июл. 2026 08:52:25,300  INFO StartLogger - Checking indexes
16 июл. 2026 08:52:25,316  INFO StartLogger - Applying migration script (0.0 -> 0.0)
16 июл. 2026 08:52:25,450  INFO StartLogger - Creating tables
16 июл. 2026 08:52:25,458  INFO StartLogger - Updating stats
16 июл. 2026 08:52:25,521  INFO StartLogger - Adding indexes
16 июл. 2026 08:52:25,522  INFO StartLogger - Packing tables
16 июл. 2026 08:52:25,523  INFO StartLogger - Filling static objects ids
16 июл. 2026 08:52:25,991  INFO StartLogger - Prereading form property events
16 июл. 2026 08:52:26,761  INFO StartLogger - Initializing lazy properties
16 июл. 2026 08:52:26,792  INFO StartLogger - Looking for recursions in abstract properties
16 июл. 2026 08:52:26,792  INFO StartLogger - Reading global events / materialized properties links
16 июл. 2026 08:52:28,415  INFO StartLogger - Building global events / materialized properties list
16 июл. 2026 08:52:28,456  INFO StartLogger - Reading local events links
16 июл. 2026 08:52:28,476  INFO StartLogger - Building local events list
16 июл. 2026 08:52:28,511  INFO StartLogger - Writing static objects changes
16 июл. 2026 08:52:29,561  INFO StartLogger - Migrating reflection properties and actions
16 июл. 2026 08:52:29,654  INFO StartLogger - Recalculating materializations
16 июл. 2026 08:52:30,002  INFO StartLogger - Initializing security manager
16 июл. 2026 08:52:30,002  INFO StartLogger - Starting security manager
16 июл. 2026 08:52:30,122  INFO StartLogger - Starting RMI manager
16 июл. 2026 08:52:30,170  INFO StartLogger - Executing onInit action started
16 июл. 2026 08:52:30,170  INFO StartLogger - Synchronizing icons
16 июл. 2026 08:52:30,171  INFO StartLogger - Initializing actions' debugger
16 июл. 2026 08:52:30,172  INFO StartLogger - Prereading auto icons
16 июл. 2026 08:52:30,414  INFO StartLogger - Prereading auto icons finished, 0ms
16 июл. 2026 08:52:30,745  INFO StartLogger - Executing onInit action finished, 575ms
16 июл. 2026 08:52:30,746  INFO StartLogger - Executing onStarted action started
16 июл. 2026 08:52:30,746  INFO StartLogger - Exporting RMI logics object (port: 7652) started
16 июл. 2026 08:52:30,808  INFO StartLogger - Exporting RMI logics object (port: 7652) finished, 62ms
16 июл. 2026 08:52:40,424  INFO SystemLogger - Setting hostname: null
16 июл. 2026 08:52:40,481  INFO StartLogger - Starting Scheduler
16 июл. 2026 08:52:40,822  INFO SystemLogger - Change current time snapshots to 2026-07-16T08:52:40.822270, 2026-07-16T05:52:40.822270Z
16 июл. 2026 08:52:42,166  INFO StartLogger - Executing onStarted action finished, 11420ms
16 июл. 2026 08:52:42,167  INFO SystemLogger - Binding ExternalHTTPServer
16 июл. 2026 08:52:42,291  INFO SystemLogger - Binding WebSocketServer
16 июл. 2026 08:52:42,328  INFO StartLogger - Reading modules hash
16 июл. 2026 08:52:42,333  INFO StartLogger - Comparing modulesHash: old d46d048f, new d46d048f
16 июл. 2026 08:52:42,335  INFO StartLogger - Synchronizing navigator element parents started
16 июл. 2026 08:52:42,339  INFO StartLogger - Synchronizing navigator element parents finished, 4ms
16 июл. 2026 08:52:42,340  INFO StartLogger - Prereading caches for properties
16 июл. 2026 08:52:42,341  INFO StartLogger - Prereading caches for properties finished, 0ms
16 июл. 2026 08:52:42,347  INFO StartLogger - Writing modulesHash d46d048f started
16 июл. 2026 08:52:42,424  INFO StartLogger - Writing modulesHash d46d048f finished, 77ms
16 июл. 2026 08:52:42,426  INFO StartLogger - Cleaning obsolete caches started
16 июл. 2026 08:52:42,439  INFO StartLogger - Cleaning obsolete caches finished, 13ms
16 июл. 2026 08:52:42,440  INFO StartLogger - Executing onFinallyStarted started
16 июл. 2026 08:52:43,293  INFO StartLogger - Executing onFinallyStarted finished, 853ms
16 июл. 2026 08:52:43,294  INFO StartLogger - Logics instance has successfully started
16 июл. 2026 08:52:43,295  INFO StartLogger - Desktop Client is available at:
16 июл. 2026 08:52:43,295  INFO StartLogger - Java Web Start (with auto update, requires JDK): https://download.lsfusion.org/java/lsfusion-client-6.2.jnlp
16 июл. 2026 08:52:43,296  INFO StartLogger - Installer for Windows (without auto update): https://download.lsfusion.org/exe/lsfusion-desktop-6.2-x64.exe
16 июл. 2026 08:52:43,296  INFO StartLogger - Server has successfully started in 36303 ms
16 июл. 2026 09:22:40,825  INFO SystemLogger - Change current time snapshots to 2026-07-16T09:22:40.822991200, 2026-07-16T06:22:40.822991200Z
16 июл. 2026 09:38:22,260  INFO StartLogger - Server is starting...
16 июл. 2026 09:38:22,549  INFO StartLogger - Current version: 6.2 (373)
16 июл. 2026 09:38:22,555  INFO StartLogger - Java version: 21.0.8
16 июл. 2026 09:38:22,556  INFO StartLogger - Class path: C:\Users\alexj\IdeaProjects\Test\out\production\Test;C:\Users\alexj\IdeaProjects\lsfusion-6.jar
16 июл. 2026 09:38:22,592  INFO StartLogger - JVM arguments: [-Xmx1200m, -ea, -Dlsfusion.server.lightstart=true, -Dlsfusion.server.devmode=true, -Dlsfusion.server.plugin.enabled=true, -javaagent:C:\Program Files\JetBrains\IDEA 2026.1\lib\idea_rt.jar=55162, -Dfile.encoding=UTF-8, -Dsun.stdout.encoding=UTF-8, -Dsun.stderr.encoding=UTF-8]
16 июл. 2026 09:38:25,500  INFO StartLogger - Logics instance is starting...
16 июл. 2026 09:38:25,542  INFO StartLogger - Initializing BusinessLogics
16 июл. 2026 09:38:25,586  INFO StartLogger - Initializing string literals data
16 июл. 2026 09:38:25,586  INFO StartLogger - Creating modules
16 июл. 2026 09:38:25,586  INFO StartLogger - Initializing localizer
16 июл. 2026 09:38:26,915  INFO StartLogger - Initializing dependencies
16 июл. 2026 09:38:27,634  INFO StartLogger - Initializing modules order
16 июл. 2026 09:38:27,637  INFO StartLogger - Initializing metacodes and classes
16 июл. 2026 09:38:28,855  INFO StartLogger - Initializing object class
16 июл. 2026 09:38:28,861  INFO StartLogger - Initializing tables
16 июл. 2026 09:38:28,955  INFO StartLogger - Initializing class tables
16 июл. 2026 09:38:29,161  INFO StartLogger - Initializing full tables with one key
16 июл. 2026 09:38:29,163  INFO StartLogger - Initializing main logic
16 июл. 2026 09:38:29,190  INFO StartLogger - Initializing main logic for module : #1 of 15 System (actual: 1)
16 июл. 2026 09:38:30,622  INFO StartLogger - Initializing main logic for module : #2 of 15 Time (actual: 2)
16 июл. 2026 09:38:30,622  INFO StartLogger - Initializing main logic for module : #3 of 15 School (actual: 11)
16 июл. 2026 09:38:30,671  INFO StartLogger - Initializing main logic for module : #4 of 15 Student (actual: 12)
16 июл. 2026 09:38:31,549  INFO StartLogger - Initializing main logic for module : #5 of 15 Utils (actual: 3)
16 июл. 2026 09:38:32,289  INFO StartLogger - Initializing main logic for module : #6 of 15 Attestat (actual: 13)
16 июл. 2026 09:38:32,403  INFO StartLogger - Initializing main logic for module : #7 of 15 Authentication (actual: 4)
16 июл. 2026 09:38:32,439  INFO StartLogger - Initializing main logic for module : #8 of 15 Predmet (actual: 14)
16 июл. 2026 09:38:32,467  INFO StartLogger - Initializing main logic for module : #9 of 15 Main (actual: 15)
16 июл. 2026 09:38:32,995  INFO StartLogger - Initializing main logic for module : #10 of 15 Reflection (actual: 5)
16 июл. 2026 09:38:33,394  INFO StartLogger - Initializing main logic for module : #11 of 15 SystemEvents (actual: 6)
16 июл. 2026 09:38:33,981  INFO StartLogger - Initializing main logic for module : #12 of 15 Email (actual: 7)
16 июл. 2026 09:38:34,184  INFO StartLogger - Initializing main logic for module : #13 of 15 Security (actual: 8)
16 июл. 2026 09:38:35,062  INFO StartLogger - Initializing main logic for module : #14 of 15 Service (actual: 9)
16 июл. 2026 09:38:36,153  INFO StartLogger - Initializing main logic for module : #15 of 15 Scheduler (actual: 10)
16 июл. 2026 09:38:36,310  INFO StartLogger - Finalizing classes
16 июл. 2026 09:38:36,314  INFO StartLogger - Finalizing groups
16 июл. 2026 09:38:36,318  INFO StartLogger - Checking for duplicate elements
16 июл. 2026 09:38:36,360  INFO StartLogger - Filling implicit cases
16 июл. 2026 09:38:36,363  INFO StartLogger - Initializing class dialog forms
16 июл. 2026 09:38:36,367  INFO StartLogger - Finalizing abstract actions
16 июл. 2026 09:38:36,397  INFO StartLogger - Initializing abstract properties
16 июл. 2026 09:38:36,464  INFO StartLogger - Looking for recursions in abstract actions
16 июл. 2026 09:38:36,486  INFO StartLogger - Initializing fields for data and materialized properties
16 июл. 2026 09:38:36,487  INFO StartLogger - Initializing class aggr props
16 июл. 2026 09:38:36,674  INFO StartLogger - Finalizing navigator elements
16 июл. 2026 09:38:36,679  INFO StartLogger - Setting up drill-down
16 июл. 2026 09:38:37,055  INFO StartLogger - Setting up property policy
16 июл. 2026 09:38:37,126  INFO StartLogger - Checking abstract
16 июл. 2026 09:38:37,535  INFO StartLogger - Setting up action policy
16 июл. 2026 09:38:37,540  INFO StartLogger - Finalizing tables
16 июл. 2026 09:38:37,541  INFO StartLogger - Initializing indices
16 июл. 2026 09:38:37,569  INFO StartLogger - Initializing reflection events
16 июл. 2026 09:38:40,810  INFO StartLogger - Setting user logging for properties
16 июл. 2026 09:38:40,885  INFO StartLogger - Setting user materialized for properties
16 июл. 2026 09:38:40,895  INFO StartLogger - Setting user not null constraints for properties
16 июл. 2026 09:38:40,915  INFO StartLogger - Disabling input list
16 июл. 2026 09:38:40,933  INFO StartLogger - Setting user select for properties
16 июл. 2026 09:38:40,962  INFO StartLogger - Initializing class data indexes
16 июл. 2026 09:38:40,963  INFO StartLogger - Finalizing forms
16 июл. 2026 09:38:40,962  INFO StartLogger - Setting up loggables
16 июл. 2026 09:38:41,021  INFO StartLogger - Finalizing properties
16 июл. 2026 09:38:41,068  INFO StartLogger - Synchronizing DB
16 июл. 2026 09:38:41,188  INFO StartLogger - Checking indexes
16 июл. 2026 09:38:41,205  INFO StartLogger - Applying migration script (0.0 -> 0.0)
16 июл. 2026 09:38:41,372  INFO StartLogger - Creating tables
16 июл. 2026 09:38:41,418  INFO StartLogger - Updating stats
16 июл. 2026 09:38:41,476  INFO StartLogger - Adding indexes
16 июл. 2026 09:38:41,477  INFO StartLogger - Packing tables
16 июл. 2026 09:38:41,478  INFO StartLogger - Filling static objects ids
16 июл. 2026 09:38:42,051  INFO StartLogger - Prereading form property events
16 июл. 2026 09:38:42,871  INFO StartLogger - Initializing lazy properties
16 июл. 2026 09:38:42,960  INFO StartLogger - Looking for recursions in abstract properties
16 июл. 2026 09:38:42,960  INFO StartLogger - Reading global events / materialized properties links
16 июл. 2026 09:38:44,644  INFO StartLogger - Building global events / materialized properties list
16 июл. 2026 09:38:44,695  INFO StartLogger - Reading local events links
16 июл. 2026 09:38:44,713  INFO StartLogger - Building local events list
16 июл. 2026 09:38:44,753  INFO StartLogger - Writing static objects changes
16 июл. 2026 09:38:45,938  INFO StartLogger - Migrating reflection properties and actions
16 июл. 2026 09:38:46,073  INFO StartLogger - Recalculating materializations
16 июл. 2026 09:38:46,080  INFO StartLogger - Updating materialization stats 1 of 1: _auto_Attestat_Vid_Predmet_Predmet started
16 июл. 2026 09:38:47,197  INFO StartLogger - Updating materialization stats 1 of 1: _auto_Attestat_Vid_Predmet_Predmet finished, 1117ms
16 июл. 2026 09:38:47,506  INFO StartLogger - Initializing security manager
16 июл. 2026 09:38:47,507  INFO StartLogger - Starting security manager
16 июл. 2026 09:38:47,690  INFO StartLogger - Starting RMI manager
16 июл. 2026 09:38:47,799  INFO StartLogger - Executing onInit action started
16 июл. 2026 09:38:47,799  INFO StartLogger - Synchronizing icons
16 июл. 2026 09:38:47,799  INFO StartLogger - Initializing actions' debugger
16 июл. 2026 09:38:47,800  INFO StartLogger - Prereading auto icons
16 июл. 2026 09:38:48,119  INFO StartLogger - Prereading auto icons finished, 0ms
16 июл. 2026 09:38:48,383  INFO StartLogger - Executing onInit action finished, 585ms
16 июл. 2026 09:38:48,384  INFO StartLogger - Executing onStarted action started
16 июл. 2026 09:38:48,385  INFO StartLogger - Exporting RMI logics object (port: 7652) started
16 июл. 2026 09:38:48,409  INFO StartLogger - Exporting RMI logics object (port: 7652) finished, 24ms
16 июл. 2026 09:38:56,687  INFO SystemLogger - Setting hostname: null
16 июл. 2026 09:38:56,730  INFO StartLogger - Starting Scheduler
16 июл. 2026 09:38:56,863  INFO SystemLogger - Change current time snapshots to 2026-07-16T09:38:56.863656300, 2026-07-16T06:38:56.863656300Z
16 июл. 2026 09:38:57,343  INFO StartLogger - Executing onStarted action finished, 8959ms
16 июл. 2026 09:38:57,344  INFO SystemLogger - Binding ExternalHTTPServer
16 июл. 2026 09:38:57,439  INFO SystemLogger - Binding WebSocketServer
16 июл. 2026 09:38:57,452  INFO StartLogger - Reading modules hash
16 июл. 2026 09:38:57,453  INFO StartLogger - Prereading caches for properties
16 июл. 2026 09:38:57,457  INFO StartLogger - Prereading caches for properties finished, 0ms
16 июл. 2026 09:38:57,457  INFO StartLogger - Comparing modulesHash: old d46d048f, new efb4c2c6
16 июл. 2026 09:38:57,458  INFO StartLogger - Synchronizing navigator element parents started
16 июл. 2026 09:38:57,459  INFO StartLogger - Synchronizing navigator element parents finished, 1ms
16 июл. 2026 09:38:57,459  INFO StartLogger - Synchronizing tables started
16 июл. 2026 09:39:00,382  INFO StartLogger - Synchronizing tables finished, 2923ms
16 июл. 2026 09:39:00,384  INFO StartLogger - Writing modulesHash efb4c2c6 started
16 июл. 2026 09:39:00,416  INFO StartLogger - Writing modulesHash efb4c2c6 finished, 32ms
16 июл. 2026 09:39:00,417  INFO StartLogger - Cleaning obsolete caches started
16 июл. 2026 09:39:00,423  INFO StartLogger - Cleaning obsolete caches finished, 6ms
16 июл. 2026 09:39:00,424  INFO StartLogger - Executing onFinallyStarted started
16 июл. 2026 09:39:00,474  INFO StartLogger - Executing onFinallyStarted finished, 50ms
16 июл. 2026 09:39:00,474  INFO StartLogger - Logics instance has successfully started
16 июл. 2026 09:39:00,475  INFO StartLogger - Desktop Client is available at:
16 июл. 2026 09:39:00,475  INFO StartLogger - Java Web Start (with auto update, requires JDK): https://download.lsfusion.org/java/lsfusion-client-6.2.jnlp
16 июл. 2026 09:39:00,476  INFO StartLogger - Installer for Windows (without auto update): https://download.lsfusion.org/exe/lsfusion-desktop-6.2-x64.exe
16 июл. 2026 09:39:00,476  INFO StartLogger - Server has successfully started in 38962 ms
16 июл. 2026 11:13:52,104  INFO StartLogger - Server is starting...
16 июл. 2026 11:13:52,311  INFO StartLogger - Current version: 6.2 (373)
16 июл. 2026 11:13:52,314  INFO StartLogger - Java version: 21.0.8
16 июл. 2026 11:13:52,314  INFO StartLogger - Class path: C:\Users\alexj\IdeaProjects\Test\out\production\Test;C:\Users\alexj\IdeaProjects\lsfusion-6.jar
16 июл. 2026 11:13:52,346  INFO StartLogger - JVM arguments: [-Xmx1200m, -ea, -Dlsfusion.server.lightstart=true, -Dlsfusion.server.devmode=true, -Dlsfusion.server.plugin.enabled=true, -javaagent:C:\Program Files\JetBrains\IDEA 2026.1\lib\idea_rt.jar=57655, -Dfile.encoding=UTF-8, -Dsun.stdout.encoding=UTF-8, -Dsun.stderr.encoding=UTF-8]
16 июл. 2026 11:13:54,745  INFO StartLogger - Logics instance is starting...
16 июл. 2026 11:13:54,803  INFO StartLogger - Initializing BusinessLogics
16 июл. 2026 11:13:54,861  INFO StartLogger - Initializing string literals data
16 июл. 2026 11:13:54,862  INFO StartLogger - Creating modules
16 июл. 2026 11:13:54,861  INFO StartLogger - Initializing localizer
16 июл. 2026 11:13:56,079  INFO StartLogger - Initializing dependencies
16 июл. 2026 11:13:56,629  INFO StartLogger - Initializing modules order
16 июл. 2026 11:13:56,632  INFO StartLogger - Initializing metacodes and classes
16 июл. 2026 11:13:57,817  INFO StartLogger - Initializing object class
16 июл. 2026 11:13:57,822  INFO StartLogger - Initializing tables
16 июл. 2026 11:13:57,934  INFO StartLogger - Initializing class tables
16 июл. 2026 11:13:58,171  INFO StartLogger - Initializing full tables with one key
16 июл. 2026 11:13:58,173  INFO StartLogger - Initializing main logic
16 июл. 2026 11:13:58,210  INFO StartLogger - Initializing main logic for module : #1 of 15 System (actual: 1)
16 июл. 2026 11:13:59,420  INFO StartLogger - Initializing main logic for module : #2 of 15 School (actual: 11)
16 июл. 2026 11:13:59,420  INFO StartLogger - Initializing main logic for module : #3 of 15 Time (actual: 2)
16 июл. 2026 11:13:59,476  INFO StartLogger - Initializing main logic for module : #4 of 15 Student (actual: 12)
16 июл. 2026 11:14:00,567  INFO StartLogger - Initializing main logic for module : #5 of 15 Utils (actual: 3)
16 июл. 2026 11:14:00,962  INFO StartLogger - Initializing main logic for module : #6 of 15 Attestat (actual: 13)
16 июл. 2026 11:14:00,962  INFO StartLogger - Initializing main logic for module : #7 of 15 Authentication (actual: 4)
16 июл. 2026 11:14:00,999  INFO StartLogger - Initializing main logic for module : #8 of 15 Predmet (actual: 14)
16 июл. 2026 11:14:01,039  INFO StartLogger - Initializing main logic for module : #9 of 15 Main (actual: 15)
16 июл. 2026 11:14:01,801  INFO StartLogger - Initializing main logic for module : #10 of 15 Reflection (actual: 5)
16 июл. 2026 11:14:02,189  INFO StartLogger - Initializing main logic for module : #11 of 15 SystemEvents (actual: 6)
16 июл. 2026 11:14:02,711  INFO StartLogger - Initializing main logic for module : #12 of 15 Email (actual: 7)
16 июл. 2026 11:14:02,889  INFO StartLogger - Initializing main logic for module : #13 of 15 Security (actual: 8)
16 июл. 2026 11:14:03,304  INFO StartLogger - Initializing main logic for module : #14 of 15 Service (actual: 9)
16 июл. 2026 11:14:03,680  INFO StartLogger - Initializing main logic for module : #15 of 15 Scheduler (actual: 10)
16 июл. 2026 11:14:03,818  INFO StartLogger - Finalizing classes
16 июл. 2026 11:14:03,820  INFO StartLogger - Finalizing groups
16 июл. 2026 11:14:03,823  INFO StartLogger - Checking for duplicate elements
16 июл. 2026 11:14:03,856  INFO StartLogger - Initializing class dialog forms
16 июл. 2026 11:14:03,857  INFO StartLogger - Filling implicit cases
16 июл. 2026 11:14:03,858  INFO StartLogger - Finalizing abstract actions
16 июл. 2026 11:14:03,859  INFO StartLogger - Initializing abstract properties
16 июл. 2026 11:14:04,000  INFO StartLogger - Initializing class aggr props
16 июл. 2026 11:14:04,000  INFO StartLogger - Checking abstract
16 июл. 2026 11:14:04,023  INFO StartLogger - Looking for recursions in abstract actions
16 июл. 2026 11:14:04,046  INFO StartLogger - Initializing fields for data and materialized properties
16 июл. 2026 11:14:04,055  INFO StartLogger - Setting up property policy
16 июл. 2026 11:14:04,056  INFO StartLogger - Setting up drill-down
16 июл. 2026 11:14:04,581  INFO StartLogger - Finalizing navigator elements
16 июл. 2026 11:14:04,584  INFO StartLogger - Finalizing tables
16 июл. 2026 11:14:04,584  INFO StartLogger - Initializing indices
16 июл. 2026 11:14:04,648  INFO StartLogger - Setting up action policy
16 июл. 2026 11:14:04,649  INFO StartLogger - Initializing reflection events
16 июл. 2026 11:14:26,193  INFO StartLogger - Setting user logging for properties
16 июл. 2026 11:14:26,245  INFO StartLogger - Setting user materialized for properties
16 июл. 2026 11:14:26,251  INFO StartLogger - Setting user not null constraints for properties
16 июл. 2026 11:14:26,263  INFO StartLogger - Disabling input list
16 июл. 2026 11:14:26,276  INFO StartLogger - Setting user select for properties
16 июл. 2026 11:14:26,300  INFO StartLogger - Initializing class data indexes
16 июл. 2026 11:14:26,301  INFO StartLogger - Finalizing forms
16 июл. 2026 11:14:26,300  INFO StartLogger - Setting up loggables
16 июл. 2026 11:14:26,357  INFO StartLogger - Finalizing properties
16 июл. 2026 11:14:26,380  INFO StartLogger - Synchronizing DB
16 июл. 2026 11:14:26,570  INFO StartLogger - Checking indexes
16 июл. 2026 11:14:26,584  INFO StartLogger - Applying migration script (0.0 -> 0.0)
16 июл. 2026 11:14:27,005  INFO StartLogger - Creating tables
16 июл. 2026 11:14:27,022  INFO StartLogger - Updating stats
16 июл. 2026 11:14:27,131  INFO StartLogger - Adding indexes
16 июл. 2026 11:14:27,137  INFO StartLogger - Packing tables
16 июл. 2026 11:14:27,140  INFO StartLogger - Filling static objects ids
16 июл. 2026 11:14:27,901  INFO StartLogger - Prereading form property events
16 июл. 2026 11:14:28,719  INFO StartLogger - Initializing lazy properties
16 июл. 2026 11:14:28,753  INFO StartLogger - Reading global events / materialized properties links
16 июл. 2026 11:14:28,753  INFO StartLogger - Looking for recursions in abstract properties
16 июл. 2026 11:14:30,324  INFO StartLogger - Building global events / materialized properties list
16 июл. 2026 11:14:30,367  INFO StartLogger - Reading local events links
16 июл. 2026 11:14:30,386  INFO StartLogger - Building local events list
16 июл. 2026 11:14:30,428  INFO StartLogger - Writing static objects changes
16 июл. 2026 11:14:32,076  INFO StartLogger - Migrating reflection properties and actions
16 июл. 2026 11:14:32,149  INFO StartLogger - Recalculating materializations
16 июл. 2026 11:14:32,513  INFO StartLogger - Initializing security manager
16 июл. 2026 11:14:32,513  INFO StartLogger - Starting security manager
16 июл. 2026 11:14:32,691  INFO StartLogger - Starting RMI manager
16 июл. 2026 11:14:32,764  INFO StartLogger - Initializing actions' debugger
16 июл. 2026 11:14:32,764  INFO StartLogger - Synchronizing icons
16 июл. 2026 11:14:32,764  INFO StartLogger - Executing onInit action started
16 июл. 2026 11:14:32,765  INFO StartLogger - Prereading auto icons
16 июл. 2026 11:14:33,161  INFO StartLogger - Prereading auto icons finished, 0ms
16 июл. 2026 11:14:33,338  INFO StartLogger - Executing onInit action finished, 574ms
16 июл. 2026 11:14:33,338  INFO StartLogger - Executing onStarted action started
16 июл. 2026 11:14:33,360  INFO StartLogger - Exporting RMI logics object (port: 7652) started
16 июл. 2026 11:14:33,633  INFO StartLogger - Exporting RMI logics object (port: 7652) finished, 275ms
16 июл. 2026 11:14:41,963  INFO SystemLogger - Setting hostname: null
16 июл. 2026 11:14:42,028  INFO StartLogger - Starting Scheduler
16 июл. 2026 11:14:42,290  INFO SystemLogger - Change current time snapshots to 2026-07-16T11:14:42.290326200, 2026-07-16T08:14:42.290326200Z
16 июл. 2026 11:14:43,222  INFO StartLogger - Executing onStarted action finished, 9884ms
16 июл. 2026 11:14:43,223  INFO SystemLogger - Binding ExternalHTTPServer
16 июл. 2026 11:14:43,293  INFO SystemLogger - Binding WebSocketServer
16 июл. 2026 11:14:43,315  INFO StartLogger - Reading modules hash
16 июл. 2026 11:14:43,323  INFO StartLogger - Prereading caches for properties
16 июл. 2026 11:14:43,326  INFO StartLogger - Comparing modulesHash: old efb4c2c6, new e629b29
16 июл. 2026 11:14:43,330  INFO StartLogger - Synchronizing tables started
16 июл. 2026 11:14:43,333  INFO StartLogger - Synchronizing navigator element parents started
16 июл. 2026 11:14:43,333  INFO StartLogger - Synchronizing navigator element parents finished, 0ms
16 июл. 2026 11:14:43,346  INFO StartLogger - Prereading caches for properties finished, 0ms
16 июл. 2026 11:14:44,401  INFO StartLogger - Synchronizing tables finished, 1071ms
16 июл. 2026 11:14:44,403  INFO StartLogger - Writing modulesHash e629b29 started
16 июл. 2026 11:14:44,455  INFO StartLogger - Writing modulesHash e629b29 finished, 52ms
16 июл. 2026 11:14:44,457  INFO StartLogger - Cleaning obsolete caches started
16 июл. 2026 11:14:44,465  INFO StartLogger - Cleaning obsolete caches finished, 8ms
16 июл. 2026 11:14:44,466  INFO StartLogger - Executing onFinallyStarted started
16 июл. 2026 11:14:44,539  INFO StartLogger - Executing onFinallyStarted finished, 73ms
16 июл. 2026 11:14:44,539  INFO StartLogger - Logics instance has successfully started
16 июл. 2026 11:14:44,541  INFO StartLogger - Desktop Client is available at:
16 июл. 2026 11:14:44,541  INFO StartLogger - Java Web Start (with auto update, requires JDK): https://download.lsfusion.org/java/lsfusion-client-6.2.jnlp
16 июл. 2026 11:14:44,541  INFO StartLogger - Installer for Windows (without auto update): https://download.lsfusion.org/exe/lsfusion-desktop-6.2-x64.exe
16 июл. 2026 11:14:44,541  INFO StartLogger - Server has successfully started in 53129 ms
16 июл. 2026 12:12:15,714  INFO StartLogger - Server is starting...
16 июл. 2026 12:12:15,937  INFO StartLogger - Current version: 6.2 (373)
16 июл. 2026 12:12:15,940  INFO StartLogger - Java version: 21.0.8
16 июл. 2026 12:12:15,940  INFO StartLogger - Class path: C:\Users\alexj\IdeaProjects\Test\out\production\Test;C:\Users\alexj\IdeaProjects\lsfusion-6.jar
16 июл. 2026 12:12:15,964  INFO StartLogger - JVM arguments: [-Xmx1200m, -ea, -Dlsfusion.server.lightstart=true, -Dlsfusion.server.devmode=true, -Dlsfusion.server.plugin.enabled=true, -javaagent:C:\Program Files\JetBrains\IDEA 2026.1\lib\idea_rt.jar=54222, -Dfile.encoding=UTF-8, -Dsun.stdout.encoding=UTF-8, -Dsun.stderr.encoding=UTF-8]
16 июл. 2026 12:12:17,976  INFO StartLogger - Logics instance is starting...
16 июл. 2026 12:12:18,098  INFO StartLogger - Initializing BusinessLogics
16 июл. 2026 12:12:18,172  INFO StartLogger - Initializing string literals data
16 июл. 2026 12:12:18,178  INFO StartLogger - Initializing localizer
16 июл. 2026 12:12:18,235  INFO StartLogger - Creating modules
16 июл. 2026 12:12:19,343  INFO StartLogger - Initializing dependencies
16 июл. 2026 12:12:19,989  INFO StartLogger - Initializing modules order
16 июл. 2026 12:12:19,992  INFO StartLogger - Initializing metacodes and classes
16 июл. 2026 12:12:21,435  INFO StartLogger - Initializing object class
16 июл. 2026 12:12:21,441  INFO StartLogger - Initializing tables
16 июл. 2026 12:12:21,536  INFO StartLogger - Initializing class tables
16 июл. 2026 12:12:21,738  INFO StartLogger - Initializing full tables with one key
16 июл. 2026 12:12:21,741  INFO StartLogger - Initializing main logic
16 июл. 2026 12:12:21,762  INFO StartLogger - Initializing main logic for module : #1 of 15 System (actual: 1)
16 июл. 2026 12:12:22,970  INFO StartLogger - Initializing main logic for module : #2 of 15 School (actual: 11)
16 июл. 2026 12:12:22,982  INFO StartLogger - Initializing main logic for module : #3 of 15 Time (actual: 2)
16 июл. 2026 12:12:23,037  INFO StartLogger - Initializing main logic for module : #4 of 15 Student (actual: 12)
16 июл. 2026 12:12:23,680  INFO StartLogger - Initializing main logic for module : #5 of 15 Utils (actual: 3)
16 июл. 2026 12:12:24,022  INFO StartLogger - Initializing main logic for module : #6 of 15 Authentication (actual: 4)
16 июл. 2026 12:12:24,022  INFO StartLogger - Initializing main logic for module : #7 of 15 Attestat (actual: 13)
16 июл. 2026 12:12:24,064  INFO StartLogger - Initializing main logic for module : #8 of 15 Predmet (actual: 14)
16 июл. 2026 12:12:24,104  INFO StartLogger - Initializing main logic for module : #9 of 15 Main (actual: 15)
16 июл. 2026 12:12:24,624  INFO StartLogger - Initializing main logic for module : #10 of 15 Reflection (actual: 5)
16 июл. 2026 12:12:24,976  INFO StartLogger - Initializing main logic for module : #11 of 15 SystemEvents (actual: 6)
16 июл. 2026 12:12:25,412  INFO StartLogger - Initializing main logic for module : #12 of 15 Email (actual: 7)
16 июл. 2026 12:12:25,636  INFO StartLogger - Initializing main logic for module : #13 of 15 Security (actual: 8)
16 июл. 2026 12:12:26,136  INFO StartLogger - Initializing main logic for module : #14 of 15 Service (actual: 9)
16 июл. 2026 12:12:26,536  INFO StartLogger - Initializing main logic for module : #15 of 15 Scheduler (actual: 10)
16 июл. 2026 12:12:26,660  INFO StartLogger - Finalizing classes
16 июл. 2026 12:12:26,663  INFO StartLogger - Finalizing groups
16 июл. 2026 12:12:26,668  INFO StartLogger - Checking for duplicate elements
16 июл. 2026 12:12:26,699  INFO StartLogger - Filling implicit cases
16 июл. 2026 12:12:26,700  INFO StartLogger - Initializing class dialog forms
16 июл. 2026 12:12:26,701  INFO StartLogger - Finalizing abstract actions
16 июл. 2026 12:12:26,702  INFO StartLogger - Initializing abstract properties
16 июл. 2026 12:12:26,811  INFO StartLogger - Initializing class aggr props
16 июл. 2026 12:12:26,818  INFO StartLogger - Initializing fields for data and materialized properties
16 июл. 2026 12:12:27,055  INFO StartLogger - Looking for recursions in abstract actions
16 июл. 2026 12:12:27,078  INFO StartLogger - Checking abstract
16 июл. 2026 12:12:27,115  INFO StartLogger - Finalizing tables
16 июл. 2026 12:12:27,125  INFO StartLogger - Setting up property policy
16 июл. 2026 12:12:27,126  INFO StartLogger - Finalizing navigator elements
16 июл. 2026 12:12:27,126  INFO StartLogger - Initializing indices
16 июл. 2026 12:12:27,127  INFO StartLogger - Setting up drill-down
16 июл. 2026 12:12:27,140  INFO StartLogger - Initializing reflection events
16 июл. 2026 12:12:27,663  INFO StartLogger - Setting up action policy
16 июл. 2026 12:12:30,737  INFO StartLogger - Setting user logging for properties
16 июл. 2026 12:12:30,775  INFO StartLogger - Setting user materialized for properties
16 июл. 2026 12:12:30,780  INFO StartLogger - Setting user not null constraints for properties
16 июл. 2026 12:12:30,791  INFO StartLogger - Disabling input list
16 июл. 2026 12:12:30,801  INFO StartLogger - Setting user select for properties
16 июл. 2026 12:12:30,829  INFO StartLogger - Initializing class data indexes
16 июл. 2026 12:12:30,829  INFO StartLogger - Setting up loggables
16 июл. 2026 12:12:30,829  INFO StartLogger - Finalizing forms
16 июл. 2026 12:12:30,886  INFO StartLogger - Finalizing properties
16 июл. 2026 12:12:30,910  INFO StartLogger - Synchronizing DB
16 июл. 2026 12:12:31,100  INFO StartLogger - Checking indexes
16 июл. 2026 12:12:31,145  INFO StartLogger - Applying migration script (0.0 -> 0.0)
16 июл. 2026 12:12:31,254  INFO StartLogger - Creating tables
16 июл. 2026 12:12:31,263  INFO StartLogger - Updating stats
16 июл. 2026 12:12:31,329  INFO StartLogger - Adding indexes
16 июл. 2026 12:12:31,331  INFO StartLogger - Packing tables
16 июл. 2026 12:12:31,333  INFO StartLogger - Filling static objects ids
16 июл. 2026 12:12:31,776  INFO StartLogger - Prereading form property events
16 июл. 2026 12:12:33,164  INFO StartLogger - Initializing lazy properties
16 июл. 2026 12:12:33,197  INFO StartLogger - Looking for recursions in abstract properties
16 июл. 2026 12:12:33,198  INFO StartLogger - Reading global events / materialized properties links
16 июл. 2026 12:12:35,003  INFO StartLogger - Building global events / materialized properties list
16 июл. 2026 12:12:35,050  INFO StartLogger - Reading local events links
16 июл. 2026 12:12:35,071  INFO StartLogger - Building local events list
16 июл. 2026 12:12:35,109  INFO StartLogger - Writing static objects changes
16 июл. 2026 12:12:36,224  INFO StartLogger - Migrating reflection properties and actions
16 июл. 2026 12:12:36,364  INFO StartLogger - Recalculating materializations
16 июл. 2026 12:12:36,734  INFO StartLogger - Initializing security manager
16 июл. 2026 12:12:36,735  INFO StartLogger - Starting security manager
16 июл. 2026 12:12:36,873  INFO StartLogger - Starting RMI manager
16 июл. 2026 12:12:36,976  INFO StartLogger - Executing onInit action started
16 июл. 2026 12:12:36,981  INFO StartLogger - Synchronizing icons
16 июл. 2026 12:12:36,986  INFO StartLogger - Initializing actions' debugger
16 июл. 2026 12:12:37,019  INFO StartLogger - Prereading auto icons
16 июл. 2026 12:12:37,501  INFO StartLogger - Prereading auto icons finished, 1ms
16 июл. 2026 12:12:37,738  INFO StartLogger - Executing onInit action finished, 762ms
16 июл. 2026 12:12:37,739  INFO StartLogger - Executing onStarted action started
16 июл. 2026 12:12:37,739  INFO StartLogger - Exporting RMI logics object (port: 7652) started
16 июл. 2026 12:12:37,769  INFO StartLogger - Exporting RMI logics object (port: 7652) finished, 30ms
16 июл. 2026 12:12:45,625  INFO SystemLogger - Setting hostname: null
16 июл. 2026 12:12:45,662  INFO StartLogger - Starting Scheduler
16 июл. 2026 12:12:45,799  INFO SystemLogger - Change current time snapshots to 2026-07-16T12:12:45.799199200, 2026-07-16T09:12:45.799199200Z
16 июл. 2026 12:12:46,388  INFO StartLogger - Executing onStarted action finished, 8649ms
16 июл. 2026 12:12:46,389  INFO SystemLogger - Binding ExternalHTTPServer
16 июл. 2026 12:12:46,443  INFO SystemLogger - Binding WebSocketServer
16 июл. 2026 12:12:46,479  INFO StartLogger - Prereading caches for properties
16 июл. 2026 12:12:46,480  INFO StartLogger - Reading modules hash
16 июл. 2026 12:12:46,481  INFO StartLogger - Prereading caches for properties finished, 0ms
16 июл. 2026 12:12:46,485  INFO StartLogger - Comparing modulesHash: old e629b29, new 22f86e7d
16 июл. 2026 12:12:46,487  INFO StartLogger - Synchronizing tables started
16 июл. 2026 12:12:46,489  INFO StartLogger - Synchronizing navigator element parents started
16 июл. 2026 12:12:46,491  INFO StartLogger - Synchronizing navigator element parents finished, 2ms
16 июл. 2026 12:12:47,663  INFO StartLogger - Synchronizing tables finished, 1176ms
16 июл. 2026 12:12:47,666  INFO StartLogger - Writing modulesHash 22f86e7d started
16 июл. 2026 12:12:47,706  INFO StartLogger - Writing modulesHash 22f86e7d finished, 40ms
16 июл. 2026 12:12:47,707  INFO StartLogger - Cleaning obsolete caches started
16 июл. 2026 12:12:47,713  INFO StartLogger - Cleaning obsolete caches finished, 6ms
16 июл. 2026 12:12:47,714  INFO StartLogger - Executing onFinallyStarted started
16 июл. 2026 12:12:47,769  INFO StartLogger - Executing onFinallyStarted finished, 55ms
16 июл. 2026 12:12:47,770  INFO StartLogger - Logics instance has successfully started
16 июл. 2026 12:12:47,771  INFO StartLogger - Desktop Client is available at:
16 июл. 2026 12:12:47,771  INFO StartLogger - Java Web Start (with auto update, requires JDK): https://download.lsfusion.org/java/lsfusion-client-6.2.jnlp
16 июл. 2026 12:12:47,772  INFO StartLogger - Installer for Windows (without auto update): https://download.lsfusion.org/exe/lsfusion-desktop-6.2-x64.exe
16 июл. 2026 12:12:47,772  INFO StartLogger - Server has successfully started in 32952 ms
16 июл. 2026 12:16:02,097  INFO StartLogger - Server is starting...
16 июл. 2026 12:16:02,566  INFO StartLogger - Current version: 6.2 (373)
16 июл. 2026 12:16:02,575  INFO StartLogger - Java version: 21.0.8
16 июл. 2026 12:16:02,575  INFO StartLogger - Class path: C:\Users\alexj\IdeaProjects\Test\out\production\Test;C:\Users\alexj\IdeaProjects\lsfusion-6.jar
16 июл. 2026 12:16:02,617  INFO StartLogger - JVM arguments: [-Xmx1200m, -ea, -Dlsfusion.server.lightstart=true, -Dlsfusion.server.devmode=true, -Dlsfusion.server.plugin.enabled=true, -javaagent:C:\Program Files\JetBrains\IDEA 2026.1\lib\idea_rt.jar=54322, -Dfile.encoding=UTF-8, -Dsun.stdout.encoding=UTF-8, -Dsun.stderr.encoding=UTF-8]
16 июл. 2026 12:16:05,790  INFO StartLogger - Logics instance is starting...
16 июл. 2026 12:16:05,872  INFO StartLogger - Initializing BusinessLogics
16 июл. 2026 12:16:05,975  INFO StartLogger - Initializing localizer
16 июл. 2026 12:16:05,981  INFO StartLogger - Creating modules
16 июл. 2026 12:16:05,975  INFO StartLogger - Initializing string literals data
16 июл. 2026 12:16:07,468  INFO StartLogger - Initializing dependencies
16 июл. 2026 12:16:08,269  INFO StartLogger - Initializing modules order
16 июл. 2026 12:16:08,272  INFO StartLogger - Initializing metacodes and classes
16 июл. 2026 12:16:10,201  INFO StartLogger - Initializing object class
16 июл. 2026 12:16:10,209  INFO StartLogger - Initializing tables
16 июл. 2026 12:16:10,316  INFO StartLogger - Initializing class tables
16 июл. 2026 12:16:10,555  INFO StartLogger - Initializing full tables with one key
16 июл. 2026 12:16:10,558  INFO StartLogger - Initializing main logic
16 июл. 2026 12:16:10,595  INFO StartLogger - Initializing main logic for module : #1 of 15 System (actual: 1)
16 июл. 2026 12:16:11,741  INFO StartLogger - Initializing main logic for module : #2 of 15 School (actual: 11)
16 июл. 2026 12:16:11,741  INFO StartLogger - Initializing main logic for module : #3 of 15 Time (actual: 2)
16 июл. 2026 12:16:11,800  INFO StartLogger - Initializing main logic for module : #4 of 15 Student (actual: 12)
16 июл. 2026 12:16:12,795  INFO StartLogger - Initializing main logic for module : #5 of 15 Utils (actual: 3)
16 июл. 2026 12:16:13,225  INFO StartLogger - Initializing main logic for module : #6 of 15 Attestat (actual: 13)
16 июл. 2026 12:16:13,225  INFO StartLogger - Initializing main logic for module : #7 of 15 Authentication (actual: 4)
16 июл. 2026 12:16:13,262  INFO StartLogger - Initializing main logic for module : #8 of 15 Predmet (actual: 14)
16 июл. 2026 12:16:13,305  INFO StartLogger - Initializing main logic for module : #9 of 15 Main (actual: 15)
16 июл. 2026 12:16:13,956  INFO StartLogger - Initializing main logic for module : #10 of 15 Reflection (actual: 5)
16 июл. 2026 12:16:14,303  INFO StartLogger - Initializing main logic for module : #11 of 15 SystemEvents (actual: 6)
16 июл. 2026 12:16:14,850  INFO StartLogger - Initializing main logic for module : #12 of 15 Email (actual: 7)
16 июл. 2026 12:16:15,012  INFO StartLogger - Initializing main logic for module : #13 of 15 Security (actual: 8)
16 июл. 2026 12:16:15,426  INFO StartLogger - Initializing main logic for module : #14 of 15 Service (actual: 9)
16 июл. 2026 12:16:15,829  INFO StartLogger - Initializing main logic for module : #15 of 15 Scheduler (actual: 10)
16 июл. 2026 12:16:15,948  INFO StartLogger - Finalizing classes
16 июл. 2026 12:16:15,951  INFO StartLogger - Finalizing groups
16 июл. 2026 12:16:15,955  INFO StartLogger - Checking for duplicate elements
16 июл. 2026 12:16:15,985  INFO StartLogger - Filling implicit cases
16 июл. 2026 12:16:15,985  INFO StartLogger - Initializing class dialog forms
16 июл. 2026 12:16:15,986  INFO StartLogger - Finalizing abstract actions
16 июл. 2026 12:16:15,989  INFO StartLogger - Initializing abstract properties
16 июл. 2026 12:16:16,069  INFO StartLogger - Looking for recursions in abstract actions
16 июл. 2026 12:16:16,132  INFO StartLogger - Initializing fields for data and materialized properties
16 июл. 2026 12:16:16,132  INFO StartLogger - Setting up drill-down
16 июл. 2026 12:16:16,162  INFO StartLogger - Checking abstract
16 июл. 2026 12:16:16,220  INFO StartLogger - Setting up property policy
16 июл. 2026 12:16:16,221  INFO StartLogger - Initializing class aggr props
16 июл. 2026 12:16:16,439  INFO StartLogger - Finalizing navigator elements
16 июл. 2026 12:16:16,830  INFO StartLogger - Finalizing tables
16 июл. 2026 12:16:16,833  INFO StartLogger - Initializing indices
16 июл. 2026 12:16:16,848  INFO StartLogger - Initializing reflection events
16 июл. 2026 12:16:16,856  INFO StartLogger - Setting up action policy
16 июл. 2026 12:16:21,066  INFO StartLogger - Setting user logging for properties
16 июл. 2026 12:16:21,132  INFO StartLogger - Setting user materialized for properties
16 июл. 2026 12:16:21,139  INFO StartLogger - Setting user not null constraints for properties
16 июл. 2026 12:16:21,151  INFO StartLogger - Disabling input list
16 июл. 2026 12:16:21,163  INFO StartLogger - Setting user select for properties
16 июл. 2026 12:16:21,183  INFO StartLogger - Initializing class data indexes
16 июл. 2026 12:16:21,183  INFO StartLogger - Setting up loggables
16 июл. 2026 12:16:21,183  INFO StartLogger - Finalizing forms
16 июл. 2026 12:16:21,265  INFO StartLogger - Finalizing properties
16 июл. 2026 12:16:21,298  INFO StartLogger - Synchronizing DB
16 июл. 2026 12:16:21,597  INFO StartLogger - Checking indexes
16 июл. 2026 12:16:21,622  INFO StartLogger - Applying migration script (0.0 -> 0.0)
16 июл. 2026 12:16:21,743  INFO StartLogger - Creating tables
16 июл. 2026 12:16:21,750  INFO StartLogger - Updating stats
16 июл. 2026 12:16:21,845  INFO StartLogger - Adding indexes
16 июл. 2026 12:16:21,846  INFO StartLogger - Packing tables
16 июл. 2026 12:16:21,849  INFO StartLogger - Filling static objects ids
16 июл. 2026 12:16:22,391  INFO StartLogger - Prereading form property events
16 июл. 2026 12:16:23,333  INFO StartLogger - Initializing lazy properties
16 июл. 2026 12:16:23,360  INFO StartLogger - Looking for recursions in abstract properties
16 июл. 2026 12:16:23,360  INFO StartLogger - Reading global events / materialized properties links
16 июл. 2026 12:16:24,640  INFO StartLogger - Building global events / materialized properties list
16 июл. 2026 12:16:24,763  INFO StartLogger - Reading local events links
16 июл. 2026 12:16:24,786  INFO StartLogger - Building local events list
16 июл. 2026 12:16:24,844  INFO StartLogger - Writing static objects changes
16 июл. 2026 12:16:25,852  INFO StartLogger - Migrating reflection properties and actions
16 июл. 2026 12:16:25,947  INFO StartLogger - Recalculating materializations
16 июл. 2026 12:16:26,223  INFO StartLogger - Initializing security manager
16 июл. 2026 12:16:26,223  INFO StartLogger - Starting security manager
16 июл. 2026 12:16:26,331  INFO StartLogger - Starting RMI manager
16 июл. 2026 12:16:26,383  INFO StartLogger - Executing onInit action started
16 июл. 2026 12:16:26,383  INFO StartLogger - Synchronizing icons
16 июл. 2026 12:16:26,385  INFO StartLogger - Initializing actions' debugger
16 июл. 2026 12:16:26,386  INFO StartLogger - Prereading auto icons
16 июл. 2026 12:16:26,986  INFO StartLogger - Prereading auto icons finished, 1ms
16 июл. 2026 12:16:27,326  INFO StartLogger - Executing onInit action finished, 943ms
16 июл. 2026 12:16:27,326  INFO StartLogger - Executing onStarted action started
16 июл. 2026 12:16:27,326  INFO StartLogger - Exporting RMI logics object (port: 7652) started
16 июл. 2026 12:16:27,349  INFO StartLogger - Exporting RMI logics object (port: 7652) finished, 23ms
16 июл. 2026 12:16:42,955  INFO SystemLogger - Setting hostname: null
16 июл. 2026 12:16:43,013  INFO StartLogger - Starting Scheduler
16 июл. 2026 12:16:43,885  INFO SystemLogger - Change current time snapshots to 2026-07-16T12:16:43.885402500, 2026-07-16T09:16:43.885402500Z
16 июл. 2026 12:16:45,308  INFO StartLogger - Executing onStarted action finished, 17982ms
16 июл. 2026 12:16:45,309  INFO SystemLogger - Binding ExternalHTTPServer
16 июл. 2026 12:16:45,757  INFO SystemLogger - Binding WebSocketServer
16 июл. 2026 12:16:45,793  INFO StartLogger - Prereading caches for properties
16 июл. 2026 12:16:45,797  INFO StartLogger - Reading modules hash
16 июл. 2026 12:16:45,802  INFO StartLogger - Comparing modulesHash: old 22f86e7d, new 3af93bfd
16 июл. 2026 12:16:45,802  INFO StartLogger - Synchronizing navigator element parents started
16 июл. 2026 12:16:45,803  INFO StartLogger - Synchronizing navigator element parents finished, 1ms
16 июл. 2026 12:16:45,803  INFO StartLogger - Synchronizing tables started
16 июл. 2026 12:16:45,812  INFO StartLogger - Prereading caches for properties finished, 0ms
16 июл. 2026 12:16:47,528  INFO StartLogger - Synchronizing tables finished, 1725ms
16 июл. 2026 12:16:47,564  INFO StartLogger - Writing modulesHash 3af93bfd started
16 июл. 2026 12:16:47,628  INFO StartLogger - Writing modulesHash 3af93bfd finished, 64ms
16 июл. 2026 12:16:47,630  INFO StartLogger - Cleaning obsolete caches started
16 июл. 2026 12:16:47,642  INFO StartLogger - Cleaning obsolete caches finished, 12ms
16 июл. 2026 12:16:47,643  INFO StartLogger - Executing onFinallyStarted started
16 июл. 2026 12:16:47,747  INFO StartLogger - Executing onFinallyStarted finished, 104ms
16 июл. 2026 12:16:47,748  INFO StartLogger - Logics instance has successfully started
16 июл. 2026 12:16:47,749  INFO StartLogger - Desktop Client is available at:
16 июл. 2026 12:16:47,750  INFO StartLogger - Java Web Start (with auto update, requires JDK): https://download.lsfusion.org/java/lsfusion-client-6.2.jnlp
16 июл. 2026 12:16:47,750  INFO StartLogger - Installer for Windows (without auto update): https://download.lsfusion.org/exe/lsfusion-desktop-6.2-x64.exe
16 июл. 2026 12:16:47,754  INFO StartLogger - Server has successfully started in 46745 ms
16 июл. 2026 12:18:28,101  INFO StartLogger - Server is starting...
16 июл. 2026 12:18:28,440  INFO StartLogger - Current version: 6.2 (373)
16 июл. 2026 12:18:28,449  INFO StartLogger - Java version: 21.0.8
16 июл. 2026 12:18:28,449  INFO StartLogger - Class path: C:\Users\alexj\IdeaProjects\Test\out\production\Test;C:\Users\alexj\IdeaProjects\lsfusion-6.jar
16 июл. 2026 12:18:28,467  INFO StartLogger - JVM arguments: [-Xmx1200m, -ea, -Dlsfusion.server.lightstart=true, -Dlsfusion.server.devmode=true, -Dlsfusion.server.plugin.enabled=true, -javaagent:C:\Program Files\JetBrains\IDEA 2026.1\lib\idea_rt.jar=55534, -Dfile.encoding=UTF-8, -Dsun.stdout.encoding=UTF-8, -Dsun.stderr.encoding=UTF-8]
16 июл. 2026 12:18:31,033  INFO StartLogger - Logics instance is starting...
16 июл. 2026 12:18:31,093  INFO StartLogger - Initializing BusinessLogics
16 июл. 2026 12:18:31,151  INFO StartLogger - Initializing localizer
16 июл. 2026 12:18:31,151  INFO StartLogger - Creating modules
16 июл. 2026 12:18:31,151  INFO StartLogger - Initializing string literals data
16 июл. 2026 12:18:32,322  INFO StartLogger - Initializing dependencies
16 июл. 2026 12:18:32,924  INFO StartLogger - Initializing modules order
16 июл. 2026 12:18:32,927  INFO StartLogger - Initializing metacodes and classes
16 июл. 2026 12:18:34,325  INFO StartLogger - Initializing object class
16 июл. 2026 12:18:34,330  INFO StartLogger - Initializing tables
16 июл. 2026 12:18:34,429  INFO StartLogger - Initializing class tables
16 июл. 2026 12:18:34,668  INFO StartLogger - Initializing full tables with one key
16 июл. 2026 12:18:34,670  INFO StartLogger - Initializing main logic
16 июл. 2026 12:18:34,692  INFO StartLogger - Initializing main logic for module : #1 of 15 System (actual: 1)
16 июл. 2026 12:18:35,869  INFO StartLogger - Initializing main logic for module : #2 of 15 Time (actual: 2)
16 июл. 2026 12:18:35,872  INFO StartLogger - Initializing main logic for module : #3 of 15 School (actual: 11)
16 июл. 2026 12:18:35,927  INFO StartLogger - Initializing main logic for module : #4 of 15 Student (actual: 12)
16 июл. 2026 12:18:36,853  INFO StartLogger - Initializing main logic for module : #5 of 15 Utils (actual: 3)
16 июл. 2026 12:18:37,366  INFO StartLogger - Initializing main logic for module : #6 of 15 Attestat (actual: 13)
16 июл. 2026 12:18:37,390  INFO StartLogger - Initializing main logic for module : #7 of 15 Authentication (actual: 4)
16 июл. 2026 12:18:37,426  INFO StartLogger - Initializing main logic for module : #8 of 15 Predmet (actual: 14)
16 июл. 2026 12:18:37,487  INFO StartLogger - Initializing main logic for module : #9 of 15 Main (actual: 15)
16 июл. 2026 12:18:38,420  INFO StartLogger - Initializing main logic for module : #10 of 15 Reflection (actual: 5)
16 июл. 2026 12:18:38,855  INFO StartLogger - Initializing main logic for module : #11 of 15 SystemEvents (actual: 6)
16 июл. 2026 12:18:39,442  INFO StartLogger - Initializing main logic for module : #12 of 15 Email (actual: 7)
16 июл. 2026 12:18:39,619  INFO StartLogger - Initializing main logic for module : #13 of 15 Security (actual: 8)
16 июл. 2026 12:18:40,026  INFO StartLogger - Initializing main logic for module : #14 of 15 Service (actual: 9)
16 июл. 2026 12:18:40,555  INFO StartLogger - Initializing main logic for module : #15 of 15 Scheduler (actual: 10)
16 июл. 2026 12:18:40,667  INFO StartLogger - Finalizing classes
16 июл. 2026 12:18:40,670  INFO StartLogger - Finalizing groups
16 июл. 2026 12:18:40,670  INFO StartLogger - Checking for duplicate elements
16 июл. 2026 12:18:40,704  INFO StartLogger - Initializing class dialog forms
16 июл. 2026 12:18:40,704  INFO StartLogger - Filling implicit cases
16 июл. 2026 12:18:40,705  INFO StartLogger - Finalizing abstract actions
16 июл. 2026 12:18:40,705  INFO StartLogger - Initializing abstract properties
16 июл. 2026 12:18:40,874  INFO StartLogger - Looking for recursions in abstract actions
16 июл. 2026 12:18:40,903  INFO StartLogger - Initializing fields for data and materialized properties
16 июл. 2026 12:18:40,903  INFO StartLogger - Initializing class aggr props
16 июл. 2026 12:18:41,027  INFO StartLogger - Checking abstract
16 июл. 2026 12:18:41,281  INFO StartLogger - Setting up drill-down
16 июл. 2026 12:18:41,283  INFO StartLogger - Setting up property policy
16 июл. 2026 12:18:41,283  INFO StartLogger - Finalizing navigator elements
16 июл. 2026 12:18:41,300  INFO StartLogger - Finalizing tables
16 июл. 2026 12:18:41,300  INFO StartLogger - Initializing indices
16 июл. 2026 12:18:41,310  INFO StartLogger - Initializing reflection events
16 июл. 2026 12:18:41,984  INFO StartLogger - Setting up action policy
16 июл. 2026 12:18:45,730  INFO StartLogger - Setting user logging for properties
16 июл. 2026 12:18:45,821  INFO StartLogger - Setting user materialized for properties
16 июл. 2026 12:18:45,830  INFO StartLogger - Setting user not null constraints for properties
16 июл. 2026 12:18:45,854  INFO StartLogger - Disabling input list
16 июл. 2026 12:18:46,012  INFO StartLogger - Setting user select for properties
16 июл. 2026 12:18:46,047  INFO StartLogger - Initializing class data indexes
16 июл. 2026 12:18:46,050  INFO StartLogger - Setting up loggables
16 июл. 2026 12:18:46,050  INFO StartLogger - Finalizing forms
16 июл. 2026 12:18:46,108  INFO StartLogger - Finalizing properties
16 июл. 2026 12:18:46,127  INFO StartLogger - Synchronizing DB
16 июл. 2026 12:18:46,261  INFO StartLogger - Checking indexes
16 июл. 2026 12:18:46,289  INFO StartLogger - Applying migration script (0.0 -> 0.0)
16 июл. 2026 12:18:46,391  INFO StartLogger - Creating tables
16 июл. 2026 12:18:46,402  INFO StartLogger - Updating stats
16 июл. 2026 12:18:46,458  INFO StartLogger - Adding indexes
16 июл. 2026 12:18:46,459  INFO StartLogger - Packing tables
16 июл. 2026 12:18:46,459  INFO StartLogger - Filling static objects ids
16 июл. 2026 12:18:46,983  INFO StartLogger - Prereading form property events
16 июл. 2026 12:18:48,011  INFO StartLogger - Initializing lazy properties
16 июл. 2026 12:18:48,056  INFO StartLogger - Looking for recursions in abstract properties
16 июл. 2026 12:18:48,057  INFO StartLogger - Reading global events / materialized properties links
16 июл. 2026 12:18:51,304  INFO StartLogger - Building global events / materialized properties list
16 июл. 2026 12:18:51,377  INFO StartLogger - Reading local events links
16 июл. 2026 12:18:51,399  INFO StartLogger - Building local events list
16 июл. 2026 12:18:51,437  INFO StartLogger - Writing static objects changes
16 июл. 2026 12:18:52,777  INFO StartLogger - Migrating reflection properties and actions
16 июл. 2026 12:18:52,836  INFO StartLogger - Recalculating materializations
16 июл. 2026 12:18:53,196  INFO StartLogger - Initializing security manager
16 июл. 2026 12:18:53,197  INFO StartLogger - Starting security manager
16 июл. 2026 12:18:53,520  INFO StartLogger - Starting RMI manager
16 июл. 2026 12:18:53,581  INFO StartLogger - Synchronizing icons
16 июл. 2026 12:18:53,581  INFO StartLogger - Initializing actions' debugger
16 июл. 2026 12:18:53,581  INFO StartLogger - Executing onInit action started
16 июл. 2026 12:18:53,582  INFO StartLogger - Prereading auto icons
16 июл. 2026 12:18:53,859  INFO StartLogger - Prereading auto icons finished, 0ms
16 июл. 2026 12:18:54,257  INFO StartLogger - Executing onInit action finished, 676ms
16 июл. 2026 12:18:54,259  INFO StartLogger - Executing onStarted action started
16 июл. 2026 12:18:54,262  INFO StartLogger - Exporting RMI logics object (port: 7652) started
16 июл. 2026 12:18:54,354  INFO StartLogger - Exporting RMI logics object (port: 7652) finished, 92ms
16 июл. 2026 12:19:15,253  INFO SystemLogger - Setting hostname: null
16 июл. 2026 12:19:15,307  INFO StartLogger - Starting Scheduler
16 июл. 2026 12:19:15,595  INFO SystemLogger - Change current time snapshots to 2026-07-16T12:19:15.595914200, 2026-07-16T09:19:15.595914200Z
16 июл. 2026 12:19:17,451  INFO StartLogger - Executing onStarted action finished, 23192ms
16 июл. 2026 12:19:17,452  INFO SystemLogger - Binding ExternalHTTPServer
16 июл. 2026 12:19:17,523  INFO SystemLogger - Binding WebSocketServer
16 июл. 2026 12:19:17,536  INFO StartLogger - Prereading caches for properties
16 июл. 2026 12:19:17,536  INFO StartLogger - Reading modules hash
16 июл. 2026 12:19:17,540  INFO StartLogger - Comparing modulesHash: old 3af93bfd, new ff27b75d
16 июл. 2026 12:19:17,541  INFO StartLogger - Synchronizing navigator element parents started
16 июл. 2026 12:19:17,542  INFO StartLogger - Synchronizing navigator element parents finished, 1ms
16 июл. 2026 12:19:17,542  INFO StartLogger - Synchronizing tables started
16 июл. 2026 12:19:17,545  INFO StartLogger - Prereading caches for properties finished, 0ms
16 июл. 2026 12:19:18,450  INFO StartLogger - Synchronizing tables finished, 908ms
16 июл. 2026 12:19:18,452  INFO StartLogger - Writing modulesHash ff27b75d started
16 июл. 2026 12:19:18,491  INFO StartLogger - Writing modulesHash ff27b75d finished, 39ms
16 июл. 2026 12:19:18,492  INFO StartLogger - Cleaning obsolete caches started
16 июл. 2026 12:19:18,500  INFO StartLogger - Cleaning obsolete caches finished, 8ms
16 июл. 2026 12:19:18,500  INFO StartLogger - Executing onFinallyStarted started
16 июл. 2026 12:19:18,554  INFO StartLogger - Executing onFinallyStarted finished, 54ms
16 июл. 2026 12:19:18,555  INFO StartLogger - Logics instance has successfully started
16 июл. 2026 12:19:18,556  INFO StartLogger - Desktop Client is available at:
16 июл. 2026 12:19:18,556  INFO StartLogger - Java Web Start (with auto update, requires JDK): https://download.lsfusion.org/java/lsfusion-client-6.2.jnlp
16 июл. 2026 12:19:18,556  INFO StartLogger - Installer for Windows (without auto update): https://download.lsfusion.org/exe/lsfusion-desktop-6.2-x64.exe
16 июл. 2026 12:19:18,556  INFO StartLogger - Server has successfully started in 51172 ms
